;  LST file generated by mikroListExporter - v.2.0 
; Date/Time: 10/2/2023 3:10:54 AM
;----------------------------------------------

;Address Opcode 	ASM
0x0000	0x2B8A      	GOTO       906
_Delay_50us:
;__Lib_Delays.c,19 :: 		void Delay_50us() {
;__Lib_Delays.c,20 :: 		Delay_us(50);
0x0003	0x3021      	MOVLW      33
0x0004	0x1283      	BCF        STATUS, 5
0x0005	0x1303      	BCF        STATUS, 6
0x0006	0x00FD      	MOVWF      R13
L_Delay_50us2:
0x0007	0x0BFD      	DECFSZ     R13, 1
0x0008	0x2807      	GOTO       L_Delay_50us2
;__Lib_Delays.c,21 :: 		}
L_end_Delay_50us:
0x0009	0x0008      	RETURN
; end of _Delay_50us
_Delay_5500us:
;__Lib_Delays.c,31 :: 		void Delay_5500us() {
;__Lib_Delays.c,32 :: 		Delay_us(5500);
0x000A	0x300F      	MOVLW      15
0x000B	0x1283      	BCF        STATUS, 5
0x000C	0x1303      	BCF        STATUS, 6
0x000D	0x00FC      	MOVWF      R12
0x000E	0x3047      	MOVLW      71
0x000F	0x00FD      	MOVWF      R13
L_Delay_5500us5:
0x0010	0x0BFD      	DECFSZ     R13, 1
0x0011	0x2810      	GOTO       L_Delay_5500us5
0x0012	0x0BFC      	DECFSZ     R12, 1
0x0013	0x2810      	GOTO       L_Delay_5500us5
0x0014	0x0000      	NOP
0x0015	0x0000      	NOP
;__Lib_Delays.c,33 :: 		}
L_end_Delay_5500us:
0x0016	0x0008      	RETURN
; end of _Delay_5500us
_Delay_1us:
;__Lib_Delays.c,7 :: 		void Delay_1us() {
;__Lib_Delays.c,8 :: 		Delay_us(1);
0x0017	0x0000      	NOP
0x0018	0x0000      	NOP
;__Lib_Delays.c,9 :: 		}
L_end_Delay_1us:
0x0019	0x0008      	RETURN
; end of _Delay_1us
_RES032:
;__Lib_MathDouble.c,123 :: 		
;__Lib_MathDouble.c,128 :: 		
0x001A	0x01F2      	CLRF       R2
;__Lib_MathDouble.c,129 :: 		
0x001B	0x01F1      	CLRF       R1
;__Lib_MathDouble.c,130 :: 		
0x001C	0x01F0      	CLRF       R0
;__Lib_MathDouble.c,131 :: 		
0x001D	0x01F8      	CLRF       R8
;__Lib_MathDouble.c,132 :: 		
0x001E	0x01F3      	CLRF       R3
;__Lib_MathDouble.c,133 :: 		
0x001F	0x3000      	MOVLW      0
;__Lib_MathDouble.c,135 :: 		
L_end_RES032:
0x0020	0x0008      	RETURN
; end of _RES032
_Lcd_Cmd:
;__Lib_Lcd.c,18 :: 		
;__Lib_Lcd.c,20 :: 		
0x0021	0x1283      	BCF        STATUS, 5
0x0022	0x1303      	BCF        STATUS, 6
0x0023	0x1BD7      	BTFSC      FARG_Lcd_Cmd_out_char, 7
0x0024	0x2827      	GOTO       L__Lcd_Cmd21
0x0025	0x1388      	BCF        LCD_D7, BitPos(LCD_D7+0)
0x0026	0x2828      	GOTO       L__Lcd_Cmd22
L__Lcd_Cmd21:
0x0027	0x1788      	BSF        LCD_D7, BitPos(LCD_D7+0)
L__Lcd_Cmd22:
;__Lib_Lcd.c,21 :: 		
0x0028	0x1B57      	BTFSC      FARG_Lcd_Cmd_out_char, 6
0x0029	0x282C      	GOTO       L__Lcd_Cmd23
0x002A	0x1308      	BCF        LCD_D6, BitPos(LCD_D6+0)
0x002B	0x282D      	GOTO       L__Lcd_Cmd24
L__Lcd_Cmd23:
0x002C	0x1708      	BSF        LCD_D6, BitPos(LCD_D6+0)
L__Lcd_Cmd24:
;__Lib_Lcd.c,22 :: 		
0x002D	0x1AD7      	BTFSC      FARG_Lcd_Cmd_out_char, 5
0x002E	0x2831      	GOTO       L__Lcd_Cmd25
0x002F	0x1288      	BCF        LCD_D5, BitPos(LCD_D5+0)
0x0030	0x2832      	GOTO       L__Lcd_Cmd26
L__Lcd_Cmd25:
0x0031	0x1688      	BSF        LCD_D5, BitPos(LCD_D5+0)
L__Lcd_Cmd26:
;__Lib_Lcd.c,23 :: 		
0x0032	0x1A57      	BTFSC      FARG_Lcd_Cmd_out_char, 4
0x0033	0x2836      	GOTO       L__Lcd_Cmd27
0x0034	0x1208      	BCF        LCD_D4, BitPos(LCD_D4+0)
0x0035	0x2837      	GOTO       L__Lcd_Cmd28
L__Lcd_Cmd27:
0x0036	0x1608      	BSF        LCD_D4, BitPos(LCD_D4+0)
L__Lcd_Cmd28:
;__Lib_Lcd.c,25 :: 		
0x0037	0x183D      	BTFSC      __Lib_Lcd_cmd_status, BitPos(__Lib_Lcd_cmd_status+0)
0x0038	0x283B      	GOTO       L__Lcd_Cmd29
0x0039	0x1508      	BSF        LCD_RS, BitPos(LCD_RS+0)
0x003A	0x283C      	GOTO       L__Lcd_Cmd30
L__Lcd_Cmd29:
0x003B	0x1108      	BCF        LCD_RS, BitPos(LCD_RS+0)
L__Lcd_Cmd30:
;__Lib_Lcd.c,28 :: 		
0x003C	0x1588      	BSF        LCD_EN, BitPos(LCD_EN+0)
;__Lib_Lcd.c,29 :: 		
0x003D	0x2017      	CALL       _Delay_1us
;__Lib_Lcd.c,30 :: 		
0x003E	0x1188      	BCF        LCD_EN, BitPos(LCD_EN+0)
;__Lib_Lcd.c,33 :: 		
0x003F	0x19D7      	BTFSC      FARG_Lcd_Cmd_out_char, 3
0x0040	0x2843      	GOTO       L__Lcd_Cmd31
0x0041	0x1388      	BCF        LCD_D7, BitPos(LCD_D7+0)
0x0042	0x2844      	GOTO       L__Lcd_Cmd32
L__Lcd_Cmd31:
0x0043	0x1788      	BSF        LCD_D7, BitPos(LCD_D7+0)
L__Lcd_Cmd32:
;__Lib_Lcd.c,34 :: 		
0x0044	0x1957      	BTFSC      FARG_Lcd_Cmd_out_char, 2
0x0045	0x2848      	GOTO       L__Lcd_Cmd33
0x0046	0x1308      	BCF        LCD_D6, BitPos(LCD_D6+0)
0x0047	0x2849      	GOTO       L__Lcd_Cmd34
L__Lcd_Cmd33:
0x0048	0x1708      	BSF        LCD_D6, BitPos(LCD_D6+0)
L__Lcd_Cmd34:
;__Lib_Lcd.c,35 :: 		
0x0049	0x18D7      	BTFSC      FARG_Lcd_Cmd_out_char, 1
0x004A	0x284D      	GOTO       L__Lcd_Cmd35
0x004B	0x1288      	BCF        LCD_D5, BitPos(LCD_D5+0)
0x004C	0x284E      	GOTO       L__Lcd_Cmd36
L__Lcd_Cmd35:
0x004D	0x1688      	BSF        LCD_D5, BitPos(LCD_D5+0)
L__Lcd_Cmd36:
;__Lib_Lcd.c,36 :: 		
0x004E	0x1857      	BTFSC      FARG_Lcd_Cmd_out_char, 0
0x004F	0x2852      	GOTO       L__Lcd_Cmd37
0x0050	0x1208      	BCF        LCD_D4, BitPos(LCD_D4+0)
0x0051	0x2853      	GOTO       L__Lcd_Cmd38
L__Lcd_Cmd37:
0x0052	0x1608      	BSF        LCD_D4, BitPos(LCD_D4+0)
L__Lcd_Cmd38:
;__Lib_Lcd.c,38 :: 		
0x0053	0x183D      	BTFSC      __Lib_Lcd_cmd_status, BitPos(__Lib_Lcd_cmd_status+0)
0x0054	0x2857      	GOTO       L__Lcd_Cmd39
0x0055	0x1508      	BSF        LCD_RS, BitPos(LCD_RS+0)
0x0056	0x2858      	GOTO       L__Lcd_Cmd40
L__Lcd_Cmd39:
0x0057	0x1108      	BCF        LCD_RS, BitPos(LCD_RS+0)
L__Lcd_Cmd40:
;__Lib_Lcd.c,40 :: 		
0x0058	0x1588      	BSF        LCD_EN, BitPos(LCD_EN+0)
;__Lib_Lcd.c,41 :: 		
0x0059	0x2017      	CALL       _Delay_1us
;__Lib_Lcd.c,42 :: 		
0x005A	0x1188      	BCF        LCD_EN, BitPos(LCD_EN+0)
;__Lib_Lcd.c,44 :: 		
0x005B	0x1C3D      	BTFSS      __Lib_Lcd_cmd_status, BitPos(__Lib_Lcd_cmd_status+0)
0x005C	0x285F      	GOTO       L_Lcd_Cmd0
;__Lib_Lcd.c,45 :: 		
0x005D	0x200A      	CALL       _Delay_5500us
0x005E	0x2860      	GOTO       L_Lcd_Cmd1
L_Lcd_Cmd0:
;__Lib_Lcd.c,47 :: 		
0x005F	0x2003      	CALL       _Delay_50us
L_Lcd_Cmd1:
;__Lib_Lcd.c,48 :: 		
L_end_Lcd_Cmd:
0x0060	0x0008      	RETURN
; end of _Lcd_Cmd
_FIXSIGN32:
;__Lib_MathDouble.c,112 :: 		
;__Lib_MathDouble.c,116 :: 		
0x0061	0x1FFA      	BTFSS      R10, 7
;__Lib_MathDouble.c,117 :: 		
0x0062	0x13F2      	BCF        R2, 7
;__Lib_MathDouble.c,118 :: 		
0x0063	0x3000      	MOVLW      0
;__Lib_MathDouble.c,120 :: 		
L_end_FIXSIGN32:
0x0064	0x0008      	RETURN
; end of _FIXSIGN32
_Div_16X16_U:
;__Lib_Math.c,215 :: 		
;__Lib_Math.c,222 :: 		
0x0065	0x1283      	BCF        STATUS, 5
;__Lib_Math.c,223 :: 		
0x0066	0x1303      	BCF        STATUS, 6
;__Lib_Math.c,224 :: 		
0x0067	0x01F8      	CLRF       R8
;__Lib_Math.c,225 :: 		
0x0068	0x01F9      	CLRF       R9
;__Lib_Math.c,226 :: 		
0x0069	0x3010      	MOVLW      16
;__Lib_Math.c,227 :: 		
0x006A	0x00FC      	MOVWF      R12
;__Lib_Math.c,228 :: 		
0x006B	0x0D71      	RLF        R1, 0
;__Lib_Math.c,229 :: 		
0x006C	0x0DF8      	RLF        R8, 1
;__Lib_Math.c,230 :: 		
0x006D	0x0DF9      	RLF        R9, 1
;__Lib_Math.c,231 :: 		
0x006E	0x0874      	MOVF       R4, 0
;__Lib_Math.c,232 :: 		
0x006F	0x02F8      	SUBWF      R8, 1
;__Lib_Math.c,233 :: 		
0x0070	0x0875      	MOVF       R5, 0
;__Lib_Math.c,234 :: 		
0x0071	0x1C03      	BTFSS      STATUS, 0
;__Lib_Math.c,235 :: 		
0x0072	0x0F75      	INCFSZ     R5, 0
;__Lib_Math.c,236 :: 		
0x0073	0x02F9      	SUBWF      R9, 1
;__Lib_Math.c,237 :: 		
0x0074	0x1803      	BTFSC      STATUS, 0
;__Lib_Math.c,238 :: 		
0x0075	0x287D      	GOTO       $+8
;__Lib_Math.c,239 :: 		
0x0076	0x0874      	MOVF       R4, 0
;__Lib_Math.c,240 :: 		
0x0077	0x07F8      	ADDWF      R8, 1
;__Lib_Math.c,241 :: 		
0x0078	0x0875      	MOVF       R5, 0
;__Lib_Math.c,242 :: 		
0x0079	0x1803      	BTFSC      STATUS, 0
;__Lib_Math.c,243 :: 		
0x007A	0x0F75      	INCFSZ     R5, 0
;__Lib_Math.c,244 :: 		
0x007B	0x07F9      	ADDWF      R9, 1
;__Lib_Math.c,245 :: 		
0x007C	0x1003      	BCF        STATUS, 0
;__Lib_Math.c,246 :: 		
0x007D	0x0DF0      	RLF        R0, 1
;__Lib_Math.c,247 :: 		
0x007E	0x0DF1      	RLF        R1, 1
;__Lib_Math.c,248 :: 		
0x007F	0x0BFC      	DECFSZ     R12, 1
;__Lib_Math.c,249 :: 		
0x0080	0x286B      	GOTO       $-21
;__Lib_Math.c,251 :: 		
L_end_Div_16X16_U:
0x0081	0x0008      	RETURN
; end of _Div_16X16_U
_SETFUN32:
;__Lib_MathDouble.c,138 :: 		
;__Lib_MathDouble.c,145 :: 		
0x0082	0x157B      	BSF        R11, 2
;__Lib_MathDouble.c,146 :: 		
0x0083	0x1FFB      	BTFSS      R11, 7
;__Lib_MathDouble.c,147 :: 		
0x0084	0x288C      	GOTO       SETFUN32EEE
;__Lib_MathDouble.c,148 :: 		
0x0085	0x3001      	MOVLW      1
;__Lib_MathDouble.c,149 :: 		
0x0086	0x00F3      	MOVWF      R3
;__Lib_MathDouble.c,150 :: 		
0x0087	0x01F2      	CLRF       R2
;__Lib_MathDouble.c,151 :: 		
0x0088	0x01F1      	CLRF       R1
;__Lib_MathDouble.c,152 :: 		
0x0089	0x01F0      	CLRF       R0
;__Lib_MathDouble.c,153 :: 		
0x008A	0x0DFA      	RLF        R10, 1
;__Lib_MathDouble.c,154 :: 		
0x008B	0x0CF2      	RRF        R2, 1
;__Lib_MathDouble.c,155 :: 		
SETFUN32EEE:
;__Lib_MathDouble.c,156 :: 		
0x008C	0x30FF      	MOVLW      255
;__Lib_MathDouble.c,158 :: 		
L_end_SETFUN32:
0x008D	0x0008      	RETURN
; end of _SETFUN32
_____DoICP:
;__Lib_System.c,6 :: 		
;__Lib_System.c,9 :: 		
0x008E	0x1283      	BCF        STATUS, 5
0x008F	0x1303      	BCF        STATUS, 6
0x0090	0x083F      	MOVF       ___DoICPAddr+1, 0
0x0091	0x008A      	MOVWF      PCLATH
;__Lib_System.c,10 :: 		
0x0092	0x083E      	MOVF       ___DoICPAddr, 0
0x0093	0x0082      	MOVWF      PCL
;__Lib_System.c,12 :: 		
L_end_____DoICP:
0x0094	0x0008      	RETURN
; end of _____DoICP
_SETFOV32:
;__Lib_MathDouble.c,79 :: 		
;__Lib_MathDouble.c,86 :: 		
0x0095	0x14FB      	BSF        R11, 1
;__Lib_MathDouble.c,87 :: 		
0x0096	0x1FFB      	BTFSS      R11, 7
;__Lib_MathDouble.c,88 :: 		
0x0097	0x289F      	GOTO       SETFOV32EEE
;__Lib_MathDouble.c,89 :: 		
0x0098	0x30FF      	MOVLW      255
;__Lib_MathDouble.c,90 :: 		
0x0099	0x00F3      	MOVWF      R3
;__Lib_MathDouble.c,91 :: 		
0x009A	0x00F2      	MOVWF      R2
;__Lib_MathDouble.c,92 :: 		
0x009B	0x00F1      	MOVWF      R1
;__Lib_MathDouble.c,93 :: 		
0x009C	0x00F0      	MOVWF      R0
;__Lib_MathDouble.c,94 :: 		
0x009D	0x0DFA      	RLF        R10, 1
;__Lib_MathDouble.c,95 :: 		
0x009E	0x0CF2      	RRF        R2, 1
;__Lib_MathDouble.c,96 :: 		
SETFOV32EEE:
;__Lib_MathDouble.c,97 :: 		
0x009F	0x30FF      	MOVLW      255
;__Lib_MathDouble.c,99 :: 		
L_end_SETFOV32:
0x00A0	0x0008      	RETURN
; end of _SETFOV32
_SETFDZ32:
;__Lib_MathDouble.c,102 :: 		
;__Lib_MathDouble.c,105 :: 		
0x00A1	0x15FB      	BSF        R11, 3
;__Lib_MathDouble.c,106 :: 		
0x00A2	0x30FF      	MOVLW      255
;__Lib_MathDouble.c,108 :: 		
L_end_SETFDZ32:
0x00A3	0x0008      	RETURN
; end of _SETFDZ32
_WordToStr:
;__Lib_Conversions.c,98 :: 		
;__Lib_Conversions.c,103 :: 		
0x00A4	0x1283      	BCF        STATUS, 5
0x00A5	0x1303      	BCF        STATUS, 6
0x00A6	0x01D5      	CLRF       WordToStr_len_L0
L_WordToStr11:
0x00A7	0x3005      	MOVLW      5
0x00A8	0x0255      	SUBWF      WordToStr_len_L0, 0
0x00A9	0x1803      	BTFSC      STATUS, 0
0x00AA	0x28B2      	GOTO       L_WordToStr12
;__Lib_Conversions.c,104 :: 		
0x00AB	0x0855      	MOVF       WordToStr_len_L0, 0
0x00AC	0x0754      	ADDWF      FARG_WordToStr_output, 0
0x00AD	0x0084      	MOVWF      FSR
0x00AE	0x3020      	MOVLW      32
0x00AF	0x0080      	MOVWF      INDF
;__Lib_Conversions.c,103 :: 		
0x00B0	0x0AD5      	INCF       WordToStr_len_L0, 1
;__Lib_Conversions.c,104 :: 		
0x00B1	0x28A7      	GOTO       L_WordToStr11
L_WordToStr12:
;__Lib_Conversions.c,105 :: 		
0x00B2	0x0855      	MOVF       WordToStr_len_L0, 0
0x00B3	0x0754      	ADDWF      FARG_WordToStr_output, 0
0x00B4	0x0084      	MOVWF      FSR
0x00B5	0x0180      	CLRF       INDF
0x00B6	0x03D5      	DECF       WordToStr_len_L0, 1
;__Lib_Conversions.c,107 :: 		
L_WordToStr14:
;__Lib_Conversions.c,108 :: 		
0x00B7	0x0855      	MOVF       WordToStr_len_L0, 0
0x00B8	0x0754      	ADDWF      FARG_WordToStr_output, 0
0x00B9	0x00D6      	MOVWF      FLOC__WordToStr
0x00BA	0x300A      	MOVLW      10
0x00BB	0x00F4      	MOVWF      R4
0x00BC	0x01F5      	CLRF       R4+1
0x00BD	0x0852      	MOVF       FARG_WordToStr_input, 0
0x00BE	0x00F0      	MOVWF      R0
0x00BF	0x0853      	MOVF       FARG_WordToStr_input+1, 0
0x00C0	0x00F1      	MOVWF      R0+1
0x00C1	0x2065      	CALL       _Div_16X16_U
0x00C2	0x0878      	MOVF       R8, 0
0x00C3	0x00F0      	MOVWF      R0
0x00C4	0x0879      	MOVF       R8+1, 0
0x00C5	0x00F1      	MOVWF      R0+1
0x00C6	0x3030      	MOVLW      48
0x00C7	0x07F0      	ADDWF      R0, 1
0x00C8	0x0856      	MOVF       FLOC__WordToStr, 0
0x00C9	0x0084      	MOVWF      FSR
0x00CA	0x0870      	MOVF       R0, 0
0x00CB	0x0080      	MOVWF      INDF
;__Lib_Conversions.c,109 :: 		
0x00CC	0x300A      	MOVLW      10
0x00CD	0x00F4      	MOVWF      R4
0x00CE	0x01F5      	CLRF       R4+1
0x00CF	0x0852      	MOVF       FARG_WordToStr_input, 0
0x00D0	0x00F0      	MOVWF      R0
0x00D1	0x0853      	MOVF       FARG_WordToStr_input+1, 0
0x00D2	0x00F1      	MOVWF      R0+1
0x00D3	0x2065      	CALL       _Div_16X16_U
0x00D4	0x0870      	MOVF       R0, 0
0x00D5	0x00D2      	MOVWF      FARG_WordToStr_input
0x00D6	0x0871      	MOVF       R0+1, 0
0x00D7	0x00D3      	MOVWF      FARG_WordToStr_input+1
;__Lib_Conversions.c,110 :: 		
0x00D8	0x3000      	MOVLW      0
0x00D9	0x0671      	XORWF      R0+1, 0
0x00DA	0x1D03      	BTFSS      STATUS, 2
0x00DB	0x28DE      	GOTO       L__WordToStr159
0x00DC	0x3000      	MOVLW      0
0x00DD	0x0670      	XORWF      R0, 0
L__WordToStr159:
0x00DE	0x1D03      	BTFSS      STATUS, 2
0x00DF	0x28E1      	GOTO       L_WordToStr16
;__Lib_Conversions.c,111 :: 		
0x00E0	0x28E3      	GOTO       L_WordToStr15
L_WordToStr16:
;__Lib_Conversions.c,112 :: 		
0x00E1	0x03D5      	DECF       WordToStr_len_L0, 1
;__Lib_Conversions.c,113 :: 		
0x00E2	0x28B7      	GOTO       L_WordToStr14
L_WordToStr15:
;__Lib_Conversions.c,114 :: 		
L_end_WordToStr:
0x00E3	0x0008      	RETURN
; end of _WordToStr
_SETIOV3224:
;__Lib_MathDouble.c,1000 :: 		
;__Lib_MathDouble.c,1006 :: 		
0x00E4	0x147B      	BSF        R11, 0
;__Lib_MathDouble.c,1007 :: 		
0x00E5	0x1FFB      	BTFSS      R11, 7
;__Lib_MathDouble.c,1008 :: 		
0x00E6	0x28EF      	GOTO       SETIOV3224EEE
;__Lib_MathDouble.c,1010 :: 		
0x00E7	0x01F2      	CLRF       R2
;__Lib_MathDouble.c,1011 :: 		
0x00E8	0x1FFA      	BTFSS      R10, 7
;__Lib_MathDouble.c,1012 :: 		
0x00E9	0x30FF      	MOVLW      255
;__Lib_MathDouble.c,1013 :: 		
0x00EA	0x00F2      	MOVWF      R2
;__Lib_MathDouble.c,1014 :: 		
0x00EB	0x00F1      	MOVWF      R1
;__Lib_MathDouble.c,1015 :: 		
0x00EC	0x00F0      	MOVWF      R0
;__Lib_MathDouble.c,1016 :: 		
0x00ED	0x0DFA      	RLF        R10, 1
;__Lib_MathDouble.c,1017 :: 		
0x00EE	0x0CF2      	RRF        R2, 1
;__Lib_MathDouble.c,1018 :: 		
SETIOV3224EEE:
;__Lib_MathDouble.c,1019 :: 		
0x00EF	0x30FF      	MOVLW      255
;__Lib_MathDouble.c,1021 :: 		
L_end_SETIOV3224:
0x00F0	0x0008      	RETURN
; end of _SETIOV3224
_NRM3232:
;__Lib_MathDouble.c,167 :: 		
;__Lib_MathDouble.c,173 :: 		
;__Lib_MathDouble.c,175 :: 		
0x00F1	0x01A0      	CLRF       __math_tempbD
;__Lib_MathDouble.c,176 :: 		
0x00F2	0x0872      	MOVF       R2, 0
;__Lib_MathDouble.c,177 :: 		
0x00F3	0x1D03      	BTFSS      STATUS, 2
;__Lib_MathDouble.c,178 :: 		
0x00F4	0x2906      	GOTO       NORM3232
;__Lib_MathDouble.c,179 :: 		
0x00F5	0x0871      	MOVF       R1, 0
;__Lib_MathDouble.c,180 :: 		
0x00F6	0x00F2      	MOVWF      R2
;__Lib_MathDouble.c,181 :: 		
0x00F7	0x0870      	MOVF       R0, 0
;__Lib_MathDouble.c,182 :: 		
0x00F8	0x00F1      	MOVWF      R1
;__Lib_MathDouble.c,183 :: 		
0x00F9	0x01F0      	CLRF       R0
;__Lib_MathDouble.c,184 :: 		
0x00FA	0x15A0      	BSF        __math_tempbD, 3
;__Lib_MathDouble.c,186 :: 		
0x00FB	0x0872      	MOVF       R2, 0
;__Lib_MathDouble.c,187 :: 		
0x00FC	0x1D03      	BTFSS      STATUS, 2
;__Lib_MathDouble.c,188 :: 		
0x00FD	0x2906      	GOTO       NORM3232
;__Lib_MathDouble.c,189 :: 		
0x00FE	0x0871      	MOVF       R1, 0
;__Lib_MathDouble.c,190 :: 		
0x00FF	0x00F2      	MOVWF      R2
;__Lib_MathDouble.c,191 :: 		
0x0100	0x01F1      	CLRF       R1
;__Lib_MathDouble.c,192 :: 		
0x0101	0x11A0      	BCF        __math_tempbD, 3
;__Lib_MathDouble.c,193 :: 		
0x0102	0x1620      	BSF        __math_tempbD, 4
;__Lib_MathDouble.c,195 :: 		
0x0103	0x0872      	MOVF       R2, 0
;__Lib_MathDouble.c,196 :: 		
0x0104	0x1903      	BTFSC      STATUS, 2
;__Lib_MathDouble.c,197 :: 		
0x0105	0x2914      	GOTO       JPNRES032
;__Lib_MathDouble.c,198 :: 		
NORM3232:
;__Lib_MathDouble.c,199 :: 		
0x0106	0x0820      	MOVF       __math_tempbD, 0
;__Lib_MathDouble.c,200 :: 		
0x0107	0x02F3      	SUBWF      R3, 1
;__Lib_MathDouble.c,201 :: 		
0x0108	0x1D03      	BTFSS      STATUS, 2
;__Lib_MathDouble.c,202 :: 		
0x0109	0x1C03      	BTFSS      STATUS, 0
;__Lib_MathDouble.c,203 :: 		
0x010A	0x2918      	GOTO       JPNSETFUN32
;__Lib_MathDouble.c,204 :: 		
0x010B	0x1003      	BCF        STATUS, 0
;__Lib_MathDouble.c,205 :: 		
NORM3232A:
;__Lib_MathDouble.c,206 :: 		
0x010C	0x1BF2      	BTFSC      R2, 7
;__Lib_MathDouble.c,207 :: 		
0x010D	0x291C      	GOTO       JMPNFIXSIGN32
;__Lib_MathDouble.c,208 :: 		
0x010E	0x0DF0      	RLF        R0, 1
;__Lib_MathDouble.c,209 :: 		
0x010F	0x0DF1      	RLF        R1, 1
;__Lib_MathDouble.c,210 :: 		
0x0110	0x0DF2      	RLF        R2, 1
;__Lib_MathDouble.c,211 :: 		
0x0111	0x0BF3      	DECFSZ     R3, 1
;__Lib_MathDouble.c,212 :: 		
0x0112	0x290C      	GOTO       NORM3232A
;__Lib_MathDouble.c,213 :: 		
0x0113	0x2918      	GOTO       JPNSETFUN32
;__Lib_MathDouble.c,214 :: 		
JPNRES032:
;__Lib_MathDouble.c,215 :: 		
0x0114	0x3001      	MOVLW      1
;__Lib_MathDouble.c,216 :: 		
0x0115	0x00FC      	MOVWF      R12
;__Lib_MathDouble.c,218 :: 		
0x0116	0x201A      	CALL       _RES032
;__Lib_MathDouble.c,220 :: 		
0x0117	0x291F      	GOTO       NORM32EEE
;__Lib_MathDouble.c,221 :: 		
JPNSETFUN32:
;__Lib_MathDouble.c,222 :: 		
0x0118	0x3002      	MOVLW      2
;__Lib_MathDouble.c,223 :: 		
0x0119	0x00FC      	MOVWF      R12
;__Lib_MathDouble.c,225 :: 		
0x011A	0x2082      	CALL       _SETFUN32
;__Lib_MathDouble.c,227 :: 		
0x011B	0x291F      	GOTO       NORM32EEE
;__Lib_MathDouble.c,228 :: 		
JMPNFIXSIGN32:
;__Lib_MathDouble.c,229 :: 		
0x011C	0x3004      	MOVLW      4
;__Lib_MathDouble.c,230 :: 		
0x011D	0x00FC      	MOVWF      R12
;__Lib_MathDouble.c,232 :: 		
0x011E	0x2061      	CALL       _FIXSIGN32
;__Lib_MathDouble.c,234 :: 		
NORM32EEE:
;__Lib_MathDouble.c,236 :: 		
L_end_NRM3232:
0x011F	0x0008      	RETURN
; end of _NRM3232
_Lcd_Chr_CP:
;__Lib_Lcd.c,50 :: 		
;__Lib_Lcd.c,52 :: 		
0x0120	0x1283      	BCF        STATUS, 5
0x0121	0x1303      	BCF        STATUS, 6
0x0122	0x103D      	BCF        __Lib_Lcd_cmd_status, BitPos(__Lib_Lcd_cmd_status+0)
;__Lib_Lcd.c,53 :: 		
0x0123	0x0852      	MOVF       FARG_Lcd_Chr_CP_out_char, 0
0x0124	0x00D7      	MOVWF      FARG_Lcd_Cmd_out_char
0x0125	0x2021      	CALL       _Lcd_Cmd
;__Lib_Lcd.c,54 :: 		
0x0126	0x143D      	BSF        __Lib_Lcd_cmd_status, BitPos(__Lib_Lcd_cmd_status+0)
;__Lib_Lcd.c,55 :: 		
L_end_Lcd_Chr_CP:
0x0127	0x0008      	RETURN
; end of _Lcd_Chr_CP
_double2int:
;__Lib_MathDouble.c,1391 :: 		
;__Lib_MathDouble.c,1399 :: 		
0x0128	0x1283      	BCF        STATUS, 5
;__Lib_MathDouble.c,1400 :: 		
0x0129	0x1303      	BCF        STATUS, 6
;__Lib_MathDouble.c,1402 :: 		
0x012A	0x01FB      	CLRF       R11
;__Lib_MathDouble.c,1403 :: 		
0x012B	0x0873      	MOVF       R3, 0
;__Lib_MathDouble.c,1404 :: 		
0x012C	0x1903      	BTFSC      STATUS, 2
;__Lib_MathDouble.c,1405 :: 		
0x012D	0x2965      	GOTO       IRES016
;__Lib_MathDouble.c,1407 :: 		
0x012E	0x0872      	MOVF       R2, 0
;__Lib_MathDouble.c,1408 :: 		
0x012F	0x00FA      	MOVWF      R10
;__Lib_MathDouble.c,1409 :: 		
0x0130	0x17F2      	BSF        R2, 7
;__Lib_MathDouble.c,1411 :: 		
0x0131	0x308E      	MOVLW      142
;__Lib_MathDouble.c,1412 :: 		
0x0132	0x02F3      	SUBWF      R3, 1
;__Lib_MathDouble.c,1413 :: 		
0x0133	0x1FF3      	BTFSS      R3, 7
;__Lib_MathDouble.c,1414 :: 		
0x0134	0x2968      	GOTO       SETIOV16
;__Lib_MathDouble.c,1415 :: 		
0x0135	0x09F3      	COMF       R3, 1
;__Lib_MathDouble.c,1416 :: 		
0x0136	0x0AF3      	INCF       R3, 1
;__Lib_MathDouble.c,1418 :: 		
0x0137	0x3008      	MOVLW      8
;__Lib_MathDouble.c,1419 :: 		
0x0138	0x0273      	SUBWF      R3, 0
;__Lib_MathDouble.c,1420 :: 		
0x0139	0x1C03      	BTFSS      STATUS, 0
;__Lib_MathDouble.c,1421 :: 		
0x013A	0x294B      	GOTO       TSHIFT3216
;__Lib_MathDouble.c,1422 :: 		
0x013B	0x00F3      	MOVWF      R3
;__Lib_MathDouble.c,1423 :: 		
0x013C	0x0DF1      	RLF        R1, 1
;__Lib_MathDouble.c,1424 :: 		
0x013D	0x0872      	MOVF       R2, 0
;__Lib_MathDouble.c,1425 :: 		
0x013E	0x00F1      	MOVWF      R1
;__Lib_MathDouble.c,1426 :: 		
0x013F	0x01F2      	CLRF       R2
;__Lib_MathDouble.c,1428 :: 		
0x0140	0x3008      	MOVLW      8
;__Lib_MathDouble.c,1429 :: 		
0x0141	0x0273      	SUBWF      R3, 0
;__Lib_MathDouble.c,1430 :: 		
0x0142	0x1C03      	BTFSS      STATUS, 0
;__Lib_MathDouble.c,1431 :: 		
0x0143	0x294B      	GOTO       TSHIFT3216
;__Lib_MathDouble.c,1432 :: 		
0x0144	0x00F3      	MOVWF      R3
;__Lib_MathDouble.c,1433 :: 		
0x0145	0x0DF1      	RLF        R1, 1
;__Lib_MathDouble.c,1434 :: 		
0x0146	0x01F1      	CLRF       R1
;__Lib_MathDouble.c,1436 :: 		
0x0147	0x0873      	MOVF       R3, 0
;__Lib_MathDouble.c,1437 :: 		
0x0148	0x1D03      	BTFSS      STATUS, 2
;__Lib_MathDouble.c,1438 :: 		
0x0149	0x1003      	BCF        STATUS, 0
;__Lib_MathDouble.c,1439 :: 		
0x014A	0x2953      	GOTO       SHIFT3216OK
;__Lib_MathDouble.c,1440 :: 		
TSHIFT3216:
;__Lib_MathDouble.c,1441 :: 		
0x014B	0x0873      	MOVF       R3, 0
;__Lib_MathDouble.c,1442 :: 		
0x014C	0x1903      	BTFSC      STATUS, 2
;__Lib_MathDouble.c,1443 :: 		
0x014D	0x2953      	GOTO       SHIFT3216OK
;__Lib_MathDouble.c,1444 :: 		
SHIFT3216:
;__Lib_MathDouble.c,1445 :: 		
0x014E	0x1003      	BCF        STATUS, 0
;__Lib_MathDouble.c,1446 :: 		
0x014F	0x0CF2      	RRF        R2, 1
;__Lib_MathDouble.c,1447 :: 		
0x0150	0x0CF1      	RRF        R1, 1
;__Lib_MathDouble.c,1448 :: 		
0x0151	0x0BF3      	DECFSZ     R3, 1
;__Lib_MathDouble.c,1449 :: 		
0x0152	0x294E      	GOTO       SHIFT3216
;__Lib_MathDouble.c,1450 :: 		
SHIFT3216OK:
;__Lib_MathDouble.c,1451 :: 		
0x0153	0x1B7B      	BTFSC      R11, 6
;__Lib_MathDouble.c,1452 :: 		
0x0154	0x1C71      	BTFSS      R1, 0
;__Lib_MathDouble.c,1453 :: 		
0x0155	0x295D      	GOTO       INT3216OK
;__Lib_MathDouble.c,1454 :: 		
0x0156	0x1C03      	BTFSS      STATUS, 0
;__Lib_MathDouble.c,1455 :: 		
0x0157	0x295D      	GOTO       INT3216OK
;__Lib_MathDouble.c,1456 :: 		
0x0158	0x0AF1      	INCF       R1, 1
;__Lib_MathDouble.c,1457 :: 		
0x0159	0x1903      	BTFSC      STATUS, 2
;__Lib_MathDouble.c,1458 :: 		
0x015A	0x0AF2      	INCF       R2, 1
;__Lib_MathDouble.c,1459 :: 		
0x015B	0x1BF2      	BTFSC      R2, 7
;__Lib_MathDouble.c,1460 :: 		
0x015C	0x2974      	GOTO       JPJSETIOV3224
;__Lib_MathDouble.c,1461 :: 		
INT3216OK:
;__Lib_MathDouble.c,1462 :: 		
0x015D	0x1FFA      	BTFSS      R10, 7
;__Lib_MathDouble.c,1463 :: 		
0x015E	0x2977      	GOTO       INT3216EOK
;__Lib_MathDouble.c,1465 :: 		
0x015F	0x09F2      	COMF       R2, 1
;__Lib_MathDouble.c,1466 :: 		
0x0160	0x09F1      	COMF       R1, 1
;__Lib_MathDouble.c,1467 :: 		
0x0161	0x0AF1      	INCF       R1, 1
;__Lib_MathDouble.c,1468 :: 		
0x0162	0x1903      	BTFSC      STATUS, 2
;__Lib_MathDouble.c,1469 :: 		
0x0163	0x0AF2      	INCF       R2, 1
;__Lib_MathDouble.c,1470 :: 		
0x0164	0x2977      	GOTO       INT3216EOK
;__Lib_MathDouble.c,1472 :: 		
IRES016:
;__Lib_MathDouble.c,1473 :: 		
0x0165	0x01F2      	CLRF       R2
;__Lib_MathDouble.c,1474 :: 		
0x0166	0x01F1      	CLRF       R1
;__Lib_MathDouble.c,1475 :: 		
0x0167	0x2977      	GOTO       INT3216EOK
;__Lib_MathDouble.c,1476 :: 		
SETIOV16:
;__Lib_MathDouble.c,1477 :: 		
0x0168	0x147B      	BSF        R11, 0
;__Lib_MathDouble.c,1478 :: 		
0x0169	0x1FFB      	BTFSS      R11, 7
;__Lib_MathDouble.c,1479 :: 		
0x016A	0x297A      	GOTO       INT3216EER
;__Lib_MathDouble.c,1481 :: 		
0x016B	0x01F2      	CLRF       R2
;__Lib_MathDouble.c,1482 :: 		
0x016C	0x1FFA      	BTFSS      R10, 7
;__Lib_MathDouble.c,1483 :: 		
0x016D	0x297A      	GOTO       INT3216EER
;__Lib_MathDouble.c,1484 :: 		
0x016E	0x30FF      	MOVLW      255
;__Lib_MathDouble.c,1485 :: 		
0x016F	0x00F2      	MOVWF      R2
;__Lib_MathDouble.c,1486 :: 		
0x0170	0x00F1      	MOVWF      R1
;__Lib_MathDouble.c,1487 :: 		
0x0171	0x0DFA      	RLF        R10, 1
;__Lib_MathDouble.c,1488 :: 		
0x0172	0x0CF2      	RRF        R2, 1
;__Lib_MathDouble.c,1489 :: 		
0x0173	0x297A      	GOTO       INT3216EER
;__Lib_MathDouble.c,1491 :: 		
JPJSETIOV3224:
;__Lib_MathDouble.c,1492 :: 		
0x0174	0x3001      	MOVLW      1
;__Lib_MathDouble.c,1493 :: 		
0x0175	0x00FC      	MOVWF      R12
;__Lib_MathDouble.c,1494 :: 		
0x0176	0x297C      	GOTO       INT3216EEE
;__Lib_MathDouble.c,1495 :: 		
INT3216EOK:
;__Lib_MathDouble.c,1496 :: 		
0x0177	0x3000      	MOVLW      0
;__Lib_MathDouble.c,1497 :: 		
0x0178	0x00FC      	MOVWF      R12
;__Lib_MathDouble.c,1498 :: 		
0x0179	0x297C      	GOTO       INT3216EEE
;__Lib_MathDouble.c,1499 :: 		
INT3216EER:
;__Lib_MathDouble.c,1500 :: 		
0x017A	0x30FF      	MOVLW      255
;__Lib_MathDouble.c,1501 :: 		
0x017B	0x00FC      	MOVWF      R12
;__Lib_MathDouble.c,1502 :: 		
INT3216EEE:
;__Lib_MathDouble.c,1505 :: 		
0x017C	0x08FC      	MOVF       R12, 1
;__Lib_MathDouble.c,1507 :: 		
0x017D	0x1903      	BTFSC      STATUS, 2
;__Lib_MathDouble.c,1508 :: 		
0x017E	0x2980      	GOTO       L_Double2Int_0
;__Lib_MathDouble.c,1510 :: 		
0x017F	0x20E4      	CALL       _SETIOV3224
;__Lib_MathDouble.c,1512 :: 		
L_Double2Int_0:
;__Lib_MathDouble.c,1513 :: 		
0x0180	0x0871      	MOVF       R1, 0
;__Lib_MathDouble.c,1514 :: 		
0x0181	0x00F0      	MOVWF      R0
;__Lib_MathDouble.c,1515 :: 		
0x0182	0x0872      	MOVF       R2, 0
;__Lib_MathDouble.c,1516 :: 		
0x0183	0x00F1      	MOVWF      R1
;__Lib_MathDouble.c,1520 :: 		
L_end_double2int:
0x0184	0x0008      	RETURN
; end of _double2int
_Div_32x32_FP:
;__Lib_MathDouble.c,761 :: 		
;__Lib_MathDouble.c,773 :: 		
;__Lib_MathDouble.c,776 :: 		
0x0185	0x1283      	BCF        STATUS, 5
0x0186	0x1303      	BCF        STATUS, 6
0x0187	0x0874      	MOVF       R4, 0
0x0188	0x3A00      	XORLW      0
0x0189	0x1D03      	BTFSS      STATUS, 2
0x018A	0x29A0      	GOTO       L_Div_32x32_FP7
;__Lib_MathDouble.c,777 :: 		
0x018B	0x0875      	MOVF       R5, 0
0x018C	0x3A00      	XORLW      0
0x018D	0x1D03      	BTFSS      STATUS, 2
0x018E	0x29A0      	GOTO       L_Div_32x32_FP8
;__Lib_MathDouble.c,778 :: 		
0x018F	0x0876      	MOVF       R6, 0
0x0190	0x3A00      	XORLW      0
0x0191	0x1D03      	BTFSS      STATUS, 2
0x0192	0x29A0      	GOTO       L_Div_32x32_FP9
;__Lib_MathDouble.c,779 :: 		
0x0193	0x0877      	MOVF       R7, 0
0x0194	0x3A00      	XORLW      0
0x0195	0x1D03      	BTFSS      STATUS, 2
0x0196	0x29A0      	GOTO       L_Div_32x32_FP10
;__Lib_MathDouble.c,780 :: 		
0x0197	0x30FF      	MOVLW      255
0x0198	0x00F0      	MOVWF      R0
;__Lib_MathDouble.c,781 :: 		
0x0199	0x30FF      	MOVLW      255
0x019A	0x00F1      	MOVWF      R1
;__Lib_MathDouble.c,782 :: 		
0x019B	0x307F      	MOVLW      127
0x019C	0x00F2      	MOVWF      R2
;__Lib_MathDouble.c,783 :: 		
0x019D	0x30FF      	MOVLW      255
0x019E	0x00F3      	MOVWF      R3
;__Lib_MathDouble.c,784 :: 		
0x019F	0x2A3B      	GOTO       L_end_Div_32x32_FP
;__Lib_MathDouble.c,785 :: 		
L_Div_32x32_FP10:
L_Div_32x32_FP9:
L_Div_32x32_FP8:
L_Div_32x32_FP7:
;__Lib_MathDouble.c,788 :: 		
0x01A0	0x1283      	BCF        STATUS, 5
;__Lib_MathDouble.c,789 :: 		
0x01A1	0x1303      	BCF        STATUS, 6
;__Lib_MathDouble.c,791 :: 		
0x01A2	0x0877      	MOVF       R7, 0
;__Lib_MathDouble.c,792 :: 		
0x01A3	0x1903      	BTFSC      STATUS, 2
;__Lib_MathDouble.c,793 :: 		
0x01A4	0x2A2F      	GOTO       JPDSETFDZ32
;__Lib_MathDouble.c,795 :: 		
0x01A5	0x0873      	MOVF       R3, 0
;__Lib_MathDouble.c,796 :: 		
0x01A6	0x1903      	BTFSC      STATUS, 2
;__Lib_MathDouble.c,797 :: 		
0x01A7	0x2A32      	GOTO       JPDRES032
;__Lib_MathDouble.c,799 :: 		
0x01A8	0x0872      	MOVF       R2, 0
;__Lib_MathDouble.c,800 :: 		
0x01A9	0x0676      	XORWF      R6, 0
;__Lib_MathDouble.c,801 :: 		
0x01AA	0x3980      	ANDLW      128
;__Lib_MathDouble.c,802 :: 		
0x01AB	0x00FA      	MOVWF      R10
;__Lib_MathDouble.c,803 :: 		
0x01AC	0x17F2      	BSF        R2, 7
;__Lib_MathDouble.c,804 :: 		
0x01AD	0x17F6      	BSF        R6, 7
;__Lib_MathDouble.c,806 :: 		
0x01AE	0x01A0      	CLRF       __math_tempbD
;__Lib_MathDouble.c,807 :: 		
0x01AF	0x0872      	MOVF       R2, 0
;__Lib_MathDouble.c,808 :: 		
0x01B0	0x00F8      	MOVWF      R8
;__Lib_MathDouble.c,809 :: 		
0x01B1	0x0871      	MOVF       R1, 0
;__Lib_MathDouble.c,810 :: 		
0x01B2	0x00FC      	MOVWF      R12
;__Lib_MathDouble.c,811 :: 		
0x01B3	0x0870      	MOVF       R0, 0
;__Lib_MathDouble.c,812 :: 		
0x01B4	0x00FD      	MOVWF      R13
;__Lib_MathDouble.c,814 :: 		
0x01B5	0x0874      	MOVF       R4, 0
;__Lib_MathDouble.c,815 :: 		
0x01B6	0x02FD      	SUBWF      R13, 1
;__Lib_MathDouble.c,816 :: 		
0x01B7	0x0875      	MOVF       R5, 0
;__Lib_MathDouble.c,817 :: 		
0x01B8	0x1C03      	BTFSS      STATUS, 0
;__Lib_MathDouble.c,818 :: 		
0x01B9	0x0F75      	INCFSZ     R5, 0
;__Lib_MathDouble.c,820 :: 		
0x01BA	0x02FC      	SUBWF      R12, 1
;__Lib_MathDouble.c,821 :: 		
0x01BB	0x0876      	MOVF       R6, 0
;__Lib_MathDouble.c,822 :: 		
0x01BC	0x1C03      	BTFSS      STATUS, 0
;__Lib_MathDouble.c,823 :: 		
0x01BD	0x0F76      	INCFSZ     R6, 0
;__Lib_MathDouble.c,825 :: 		
0x01BE	0x02F8      	SUBWF      R8, 1
;__Lib_MathDouble.c,826 :: 		
0x01BF	0x01F8      	CLRF       R8
;__Lib_MathDouble.c,827 :: 		
0x01C0	0x01FC      	CLRF       R12
;__Lib_MathDouble.c,828 :: 		
0x01C1	0x01FD      	CLRF       R13
;__Lib_MathDouble.c,829 :: 		
0x01C2	0x1C03      	BTFSS      STATUS, 0
;__Lib_MathDouble.c,830 :: 		
0x01C3	0x29CB      	GOTO       DALIGN32OK
;__Lib_MathDouble.c,832 :: 		
0x01C4	0x1003      	BCF        STATUS, 0
;__Lib_MathDouble.c,833 :: 		
0x01C5	0x0CF2      	RRF        R2, 1
;__Lib_MathDouble.c,834 :: 		
0x01C6	0x0CF1      	RRF        R1, 1
;__Lib_MathDouble.c,835 :: 		
0x01C7	0x0CF0      	RRF        R0, 1
;__Lib_MathDouble.c,836 :: 		
0x01C8	0x0CF8      	RRF        R8, 1
;__Lib_MathDouble.c,837 :: 		
0x01C9	0x3001      	MOVLW      1
;__Lib_MathDouble.c,838 :: 		
0x01CA	0x00A0      	MOVWF      __math_tempbD
;__Lib_MathDouble.c,839 :: 		
DALIGN32OK:
;__Lib_MathDouble.c,840 :: 		
0x01CB	0x0877      	MOVF       R7, 0
;__Lib_MathDouble.c,841 :: 		
0x01CC	0x02F3      	SUBWF      R3, 1
;__Lib_MathDouble.c,842 :: 		
0x01CD	0x1C03      	BTFSS      STATUS, 0
;__Lib_MathDouble.c,843 :: 		
0x01CE	0x29D5      	GOTO       ALTB32
;__Lib_MathDouble.c,845 :: 		
0x01CF	0x307E      	MOVLW      126
;__Lib_MathDouble.c,846 :: 		
0x01D0	0x0720      	ADDWF      __math_tempbD, 0
;__Lib_MathDouble.c,847 :: 		
0x01D1	0x07F3      	ADDWF      R3, 1
;__Lib_MathDouble.c,848 :: 		
0x01D2	0x1803      	BTFSC      STATUS, 0
;__Lib_MathDouble.c,849 :: 		
0x01D3	0x2A35      	GOTO       JPDSETFOV32
;__Lib_MathDouble.c,850 :: 		
0x01D4	0x29DA      	GOTO       DARGOK32
;__Lib_MathDouble.c,851 :: 		
ALTB32:
;__Lib_MathDouble.c,852 :: 		
0x01D5	0x307E      	MOVLW      126
;__Lib_MathDouble.c,853 :: 		
0x01D6	0x0720      	ADDWF      __math_tempbD, 0
;__Lib_MathDouble.c,854 :: 		
0x01D7	0x07F3      	ADDWF      R3, 1
;__Lib_MathDouble.c,855 :: 		
0x01D8	0x1C03      	BTFSS      STATUS, 0
;__Lib_MathDouble.c,856 :: 		
0x01D9	0x2A38      	GOTO       JPDSETFUN32
;__Lib_MathDouble.c,857 :: 		
DARGOK32:
;__Lib_MathDouble.c,858 :: 		
0x01DA	0x3018      	MOVLW      24
;__Lib_MathDouble.c,860 :: 		
0x01DB	0x07FA      	ADDWF      R10, 1
;__Lib_MathDouble.c,861 :: 		
DLOOP32:
;__Lib_MathDouble.c,862 :: 		
0x01DC	0x0DFD      	RLF        R13, 1
;__Lib_MathDouble.c,863 :: 		
0x01DD	0x0DFC      	RLF        R12, 1
;__Lib_MathDouble.c,864 :: 		
0x01DE	0x0DF8      	RLF        R8, 1
;__Lib_MathDouble.c,865 :: 		
0x01DF	0x0DF0      	RLF        R0, 1
;__Lib_MathDouble.c,866 :: 		
0x01E0	0x0DF1      	RLF        R1, 1
;__Lib_MathDouble.c,867 :: 		
0x01E1	0x0DF2      	RLF        R2, 1
;__Lib_MathDouble.c,868 :: 		
0x01E2	0x0DA0      	RLF        __math_tempbD, 1
;__Lib_MathDouble.c,870 :: 		
0x01E3	0x0874      	MOVF       R4, 0
;__Lib_MathDouble.c,871 :: 		
0x01E4	0x02F0      	SUBWF      R0, 1
;__Lib_MathDouble.c,872 :: 		
0x01E5	0x0875      	MOVF       R5, 0
;__Lib_MathDouble.c,873 :: 		
0x01E6	0x1C03      	BTFSS      STATUS, 0
;__Lib_MathDouble.c,874 :: 		
0x01E7	0x0F75      	INCFSZ     R5, 0
;__Lib_MathDouble.c,876 :: 		
0x01E8	0x02F1      	SUBWF      R1, 1
;__Lib_MathDouble.c,877 :: 		
0x01E9	0x0876      	MOVF       R6, 0
;__Lib_MathDouble.c,878 :: 		
0x01EA	0x1C03      	BTFSS      STATUS, 0
;__Lib_MathDouble.c,879 :: 		
0x01EB	0x0F76      	INCFSZ     R6, 0
;__Lib_MathDouble.c,881 :: 		
0x01EC	0x02F2      	SUBWF      R2, 1
;__Lib_MathDouble.c,882 :: 		
0x01ED	0x0D76      	RLF        R6, 0
;__Lib_MathDouble.c,883 :: 		
0x01EE	0x04A0      	IORWF      __math_tempbD, 1
;__Lib_MathDouble.c,884 :: 		
0x01EF	0x1C20      	BTFSS      __math_tempbD, 0
;__Lib_MathDouble.c,885 :: 		
0x01F0	0x29F3      	GOTO       DREST32
;__Lib_MathDouble.c,886 :: 		
0x01F1	0x147D      	BSF        R13, 0
;__Lib_MathDouble.c,887 :: 		
0x01F2	0x29FE      	GOTO       DOK32
;__Lib_MathDouble.c,888 :: 		
DREST32:
;__Lib_MathDouble.c,889 :: 		
0x01F3	0x0874      	MOVF       R4, 0
;__Lib_MathDouble.c,890 :: 		
0x01F4	0x07F0      	ADDWF      R0, 1
;__Lib_MathDouble.c,891 :: 		
0x01F5	0x0875      	MOVF       R5, 0
;__Lib_MathDouble.c,892 :: 		
0x01F6	0x1803      	BTFSC      STATUS, 0
;__Lib_MathDouble.c,893 :: 		
0x01F7	0x0F75      	INCFSZ     R5, 0
;__Lib_MathDouble.c,895 :: 		
0x01F8	0x07F1      	ADDWF      R1, 1
;__Lib_MathDouble.c,896 :: 		
0x01F9	0x0876      	MOVF       R6, 0
;__Lib_MathDouble.c,897 :: 		
0x01FA	0x1803      	BTFSC      STATUS, 0
;__Lib_MathDouble.c,898 :: 		
0x01FB	0x0A76      	INCF       R6, 0
;__Lib_MathDouble.c,899 :: 		
0x01FC	0x07F2      	ADDWF      R2, 1
;__Lib_MathDouble.c,900 :: 		
0x01FD	0x107D      	BCF        R13, 0
;__Lib_MathDouble.c,901 :: 		
DOK32:
;__Lib_MathDouble.c,903 :: 		
0x01FE	0x03FA      	DECF       R10, 1
;__Lib_MathDouble.c,904 :: 		
0x01FF	0x301F      	MOVLW      31
;__Lib_MathDouble.c,905 :: 		
0x0200	0x057A      	ANDWF      R10, 0
;__Lib_MathDouble.c,906 :: 		
0x0201	0x1D03      	BTFSS      STATUS, 2
;__Lib_MathDouble.c,907 :: 		
0x0202	0x29DC      	GOTO       DLOOP32
;__Lib_MathDouble.c,909 :: 		
0x0203	0x1B7B      	BTFSC      R11, 6
;__Lib_MathDouble.c,910 :: 		
0x0204	0x1C7D      	BTFSS      R13, 0
;__Lib_MathDouble.c,911 :: 		
0x0205	0x2A25      	GOTO       DIV32OK
;__Lib_MathDouble.c,912 :: 		
0x0206	0x1003      	BCF        STATUS, 0
;__Lib_MathDouble.c,913 :: 		
0x0207	0x0DF0      	RLF        R0, 1
;__Lib_MathDouble.c,914 :: 		
0x0208	0x0DF1      	RLF        R1, 1
;__Lib_MathDouble.c,915 :: 		
0x0209	0x0DF2      	RLF        R2, 1
;__Lib_MathDouble.c,916 :: 		
0x020A	0x0DA0      	RLF        __math_tempbD, 1
;__Lib_MathDouble.c,918 :: 		
0x020B	0x0874      	MOVF       R4, 0
;__Lib_MathDouble.c,919 :: 		
0x020C	0x02F0      	SUBWF      R0, 1
;__Lib_MathDouble.c,920 :: 		
0x020D	0x0875      	MOVF       R5, 0
;__Lib_MathDouble.c,921 :: 		
0x020E	0x1C03      	BTFSS      STATUS, 0
;__Lib_MathDouble.c,922 :: 		
0x020F	0x0F75      	INCFSZ     R5, 0
;__Lib_MathDouble.c,923 :: 		
0x0210	0x02F1      	SUBWF      R1, 1
;__Lib_MathDouble.c,924 :: 		
0x0211	0x0876      	MOVF       R6, 0
;__Lib_MathDouble.c,925 :: 		
0x0212	0x1C03      	BTFSS      STATUS, 0
;__Lib_MathDouble.c,926 :: 		
0x0213	0x0F76      	INCFSZ     R6, 0
;__Lib_MathDouble.c,927 :: 		
0x0214	0x02F2      	SUBWF      R2, 1
;__Lib_MathDouble.c,928 :: 		
0x0215	0x0D76      	RLF        R6, 0
;__Lib_MathDouble.c,929 :: 		
0x0216	0x0420      	IORWF      __math_tempbD, 0
;__Lib_MathDouble.c,930 :: 		
0x0217	0x3901      	ANDLW      1
;__Lib_MathDouble.c,931 :: 		
0x0218	0x07FD      	ADDWF      R13, 1
;__Lib_MathDouble.c,932 :: 		
0x0219	0x1803      	BTFSC      STATUS, 0
;__Lib_MathDouble.c,933 :: 		
0x021A	0x0AFC      	INCF       R12, 1
;__Lib_MathDouble.c,934 :: 		
0x021B	0x1903      	BTFSC      STATUS, 2
;__Lib_MathDouble.c,935 :: 		
0x021C	0x0AF8      	INCF       R8, 1
;__Lib_MathDouble.c,936 :: 		
0x021D	0x1D03      	BTFSS      STATUS, 2
;__Lib_MathDouble.c,937 :: 		
0x021E	0x2A25      	GOTO       DIV32OK
;__Lib_MathDouble.c,938 :: 		
0x021F	0x0CF8      	RRF        R8, 1
;__Lib_MathDouble.c,939 :: 		
0x0220	0x0CFC      	RRF        R12, 1
;__Lib_MathDouble.c,940 :: 		
0x0221	0x0CFD      	RRF        R13, 1
;__Lib_MathDouble.c,941 :: 		
0x0222	0x0AF3      	INCF       R3, 1
;__Lib_MathDouble.c,942 :: 		
0x0223	0x1903      	BTFSC      STATUS, 2
;__Lib_MathDouble.c,943 :: 		
0x0224	0x2A35      	GOTO       JPDSETFOV32
;__Lib_MathDouble.c,944 :: 		
DIV32OK:
;__Lib_MathDouble.c,945 :: 		
0x0225	0x1FFA      	BTFSS      R10, 7
;__Lib_MathDouble.c,946 :: 		
0x0226	0x13F8      	BCF        R8, 7
;__Lib_MathDouble.c,947 :: 		
0x0227	0x0878      	MOVF       R8, 0
;__Lib_MathDouble.c,948 :: 		
0x0228	0x00F2      	MOVWF      R2
;__Lib_MathDouble.c,949 :: 		
0x0229	0x087C      	MOVF       R12, 0
;__Lib_MathDouble.c,950 :: 		
0x022A	0x00F1      	MOVWF      R1
;__Lib_MathDouble.c,951 :: 		
0x022B	0x087D      	MOVF       R13, 0
;__Lib_MathDouble.c,952 :: 		
0x022C	0x00F0      	MOVWF      R0
;__Lib_MathDouble.c,954 :: 		
0x022D	0x3000      	MOVLW      0
;__Lib_MathDouble.c,956 :: 		
0x022E	0x2A3A      	GOTO       DIV32EEE
;__Lib_MathDouble.c,957 :: 		
JPDSETFDZ32:
;__Lib_MathDouble.c,958 :: 		
0x022F	0x3001      	MOVLW      1
;__Lib_MathDouble.c,961 :: 		
0x0230	0x20A1      	CALL       _SETFDZ32
;__Lib_MathDouble.c,963 :: 		
0x0231	0x2A3A      	GOTO       DIV32EEE
;__Lib_MathDouble.c,964 :: 		
JPDRES032:
;__Lib_MathDouble.c,965 :: 		
0x0232	0x3002      	MOVLW      2
;__Lib_MathDouble.c,968 :: 		
0x0233	0x201A      	CALL       _RES032
;__Lib_MathDouble.c,970 :: 		
0x0234	0x2A3A      	GOTO       DIV32EEE
;__Lib_MathDouble.c,971 :: 		
JPDSETFOV32:
;__Lib_MathDouble.c,972 :: 		
0x0235	0x3004      	MOVLW      4
;__Lib_MathDouble.c,975 :: 		
0x0236	0x2095      	CALL       _SETFOV32
;__Lib_MathDouble.c,977 :: 		
0x0237	0x2A3A      	GOTO       DIV32EEE
;__Lib_MathDouble.c,978 :: 		
JPDSETFUN32:
;__Lib_MathDouble.c,979 :: 		
0x0238	0x3008      	MOVLW      8
;__Lib_MathDouble.c,982 :: 		
0x0239	0x2082      	CALL       _SETFUN32
;__Lib_MathDouble.c,984 :: 		
DIV32EEE:
;__Lib_MathDouble.c,985 :: 		
0x023A	0x0000      	NOP
;__Lib_MathDouble.c,994 :: 		
L_end_Div_32x32_FP:
0x023B	0x0008      	RETURN
; end of _Div_32x32_FP
_IntToStr:
;__Lib_Conversions.c,195 :: 		
;__Lib_Conversions.c,201 :: 		
0x023C	0x1283      	BCF        STATUS, 5
0x023D	0x1303      	BCF        STATUS, 6
0x023E	0x01CE      	CLRF       IntToStr_negative_L0
0x023F	0x01CF      	CLRF       IntToStr_negative_L0+1
;__Lib_Conversions.c,202 :: 		
0x0240	0x0849      	MOVF       FARG_IntToStr_input, 0
0x0241	0x00D0      	MOVWF      IntToStr_inword_L0
0x0242	0x084A      	MOVF       FARG_IntToStr_input+1, 0
0x0243	0x00D1      	MOVWF      IntToStr_inword_L0+1
;__Lib_Conversions.c,203 :: 		
0x0244	0x3080      	MOVLW      128
0x0245	0x064A      	XORWF      FARG_IntToStr_input+1, 0
0x0246	0x00F0      	MOVWF      R0
0x0247	0x3080      	MOVLW      128
0x0248	0x0270      	SUBWF      R0, 0
0x0249	0x1D03      	BTFSS      STATUS, 2
0x024A	0x2A4D      	GOTO       L__IntToStr167
0x024B	0x3000      	MOVLW      0
0x024C	0x0249      	SUBWF      FARG_IntToStr_input, 0
L__IntToStr167:
0x024D	0x1803      	BTFSC      STATUS, 0
0x024E	0x2A5B      	GOTO       L_IntToStr37
;__Lib_Conversions.c,204 :: 		
0x024F	0x3001      	MOVLW      1
0x0250	0x00CE      	MOVWF      IntToStr_negative_L0
0x0251	0x3000      	MOVLW      0
0x0252	0x00CF      	MOVWF      IntToStr_negative_L0+1
;__Lib_Conversions.c,205 :: 		
0x0253	0x0849      	MOVF       FARG_IntToStr_input, 0
0x0254	0x3C00      	SUBLW      0
0x0255	0x00D0      	MOVWF      IntToStr_inword_L0
0x0256	0x084A      	MOVF       FARG_IntToStr_input+1, 0
0x0257	0x1C03      	BTFSS      STATUS, 0
0x0258	0x3E01      	ADDLW      1
0x0259	0x01D1      	CLRF       IntToStr_inword_L0+1
0x025A	0x02D1      	SUBWF      IntToStr_inword_L0+1, 1
;__Lib_Conversions.c,206 :: 		
L_IntToStr37:
;__Lib_Conversions.c,207 :: 		
0x025B	0x0850      	MOVF       IntToStr_inword_L0, 0
0x025C	0x00D2      	MOVWF      FARG_WordToStr_input
0x025D	0x0851      	MOVF       IntToStr_inword_L0+1, 0
0x025E	0x00D3      	MOVWF      FARG_WordToStr_input+1
0x025F	0x084B      	MOVF       FARG_IntToStr_output, 0
0x0260	0x00D4      	MOVWF      FARG_WordToStr_output
0x0261	0x20A4      	CALL       _WordToStr
;__Lib_Conversions.c,209 :: 		
0x0262	0x3006      	MOVLW      6
0x0263	0x00CC      	MOVWF      IntToStr_i_L0
0x0264	0x3000      	MOVLW      0
0x0265	0x00CD      	MOVWF      IntToStr_i_L0+1
;__Lib_Conversions.c,210 :: 		
L_IntToStr38:
0x0266	0x084D      	MOVF       IntToStr_i_L0+1, 0
0x0267	0x3C00      	SUBLW      0
0x0268	0x1D03      	BTFSS      STATUS, 2
0x0269	0x2A6C      	GOTO       L__IntToStr168
0x026A	0x084C      	MOVF       IntToStr_i_L0, 0
0x026B	0x3C00      	SUBLW      0
L__IntToStr168:
0x026C	0x1803      	BTFSC      STATUS, 0
0x026D	0x2A87      	GOTO       L_IntToStr39
;__Lib_Conversions.c,211 :: 		
0x026E	0x084C      	MOVF       IntToStr_i_L0, 0
0x026F	0x074B      	ADDWF      FARG_IntToStr_output, 0
0x0270	0x00F2      	MOVWF      R2
0x0271	0x3001      	MOVLW      1
0x0272	0x024C      	SUBWF      IntToStr_i_L0, 0
0x0273	0x00F0      	MOVWF      R0
0x0274	0x3000      	MOVLW      0
0x0275	0x1C03      	BTFSS      STATUS, 0
0x0276	0x3E01      	ADDLW      1
0x0277	0x024D      	SUBWF      IntToStr_i_L0+1, 0
0x0278	0x00F1      	MOVWF      R0+1
0x0279	0x0870      	MOVF       R0, 0
0x027A	0x074B      	ADDWF      FARG_IntToStr_output, 0
0x027B	0x0084      	MOVWF      FSR
0x027C	0x0800      	MOVF       INDF, 0
0x027D	0x00F0      	MOVWF      R0
0x027E	0x0872      	MOVF       R2, 0
0x027F	0x0084      	MOVWF      FSR
0x0280	0x0870      	MOVF       R0, 0
0x0281	0x0080      	MOVWF      INDF
;__Lib_Conversions.c,212 :: 		
0x0282	0x3001      	MOVLW      1
0x0283	0x02CC      	SUBWF      IntToStr_i_L0, 1
0x0284	0x1C03      	BTFSS      STATUS, 0
0x0285	0x03CD      	DECF       IntToStr_i_L0+1, 1
;__Lib_Conversions.c,213 :: 		
0x0286	0x2A66      	GOTO       L_IntToStr38
L_IntToStr39:
;__Lib_Conversions.c,214 :: 		
0x0287	0x084B      	MOVF       FARG_IntToStr_output, 0
0x0288	0x0084      	MOVWF      FSR
0x0289	0x3020      	MOVLW      32
0x028A	0x0080      	MOVWF      INDF
;__Lib_Conversions.c,215 :: 		
0x028B	0x084E      	MOVF       IntToStr_negative_L0, 0
0x028C	0x044F      	IORWF      IntToStr_negative_L0+1, 0
0x028D	0x1903      	BTFSC      STATUS, 2
0x028E	0x2AA5      	GOTO       L_IntToStr40
;__Lib_Conversions.c,216 :: 		
0x028F	0x01CC      	CLRF       IntToStr_i_L0
0x0290	0x01CD      	CLRF       IntToStr_i_L0+1
;__Lib_Conversions.c,217 :: 		
L_IntToStr41:
0x0291	0x084C      	MOVF       IntToStr_i_L0, 0
0x0292	0x074B      	ADDWF      FARG_IntToStr_output, 0
0x0293	0x0084      	MOVWF      FSR
0x0294	0x0800      	MOVF       INDF, 0
0x0295	0x3A20      	XORLW      32
0x0296	0x1D03      	BTFSS      STATUS, 2
0x0297	0x2A9C      	GOTO       L_IntToStr42
0x0298	0x0ACC      	INCF       IntToStr_i_L0, 1
0x0299	0x1903      	BTFSC      STATUS, 2
0x029A	0x0ACD      	INCF       IntToStr_i_L0+1, 1
0x029B	0x2A91      	GOTO       L_IntToStr41
L_IntToStr42:
;__Lib_Conversions.c,218 :: 		
0x029C	0x3001      	MOVLW      1
0x029D	0x02CC      	SUBWF      IntToStr_i_L0, 1
0x029E	0x1C03      	BTFSS      STATUS, 0
0x029F	0x03CD      	DECF       IntToStr_i_L0+1, 1
;__Lib_Conversions.c,219 :: 		
0x02A0	0x084C      	MOVF       IntToStr_i_L0, 0
0x02A1	0x074B      	ADDWF      FARG_IntToStr_output, 0
0x02A2	0x0084      	MOVWF      FSR
0x02A3	0x302D      	MOVLW      45
0x02A4	0x0080      	MOVWF      INDF
L_IntToStr40:
;__Lib_Conversions.c,220 :: 		
L_end_IntToStr:
0x02A5	0x0008      	RETURN
; end of _IntToStr
_Ltrim:
;__Lib_Conversions.c,421 :: 		
;__Lib_Conversions.c,425 :: 		
0x02A6	0x1283      	BCF        STATUS, 5
0x02A7	0x1303      	BCF        STATUS, 6
0x02A8	0x01CA      	CLRF       Ltrim_trimmed_L0
0x02A9	0x01CB      	CLRF       Ltrim_trimmed_L0+1
;__Lib_Conversions.c,426 :: 		
0x02AA	0x0849      	MOVF       FARG_Ltrim_string, 0
0x02AB	0x00F2      	MOVWF      R2
;__Lib_Conversions.c,427 :: 		
0x02AC	0x0849      	MOVF       FARG_Ltrim_string, 0
0x02AD	0x00F3      	MOVWF      R3
;__Lib_Conversions.c,428 :: 		
L_Ltrim84:
;__Lib_Conversions.c,429 :: 		
0x02AE	0x0872      	MOVF       R2, 0
0x02AF	0x0084      	MOVWF      FSR
0x02B0	0x0800      	MOVF       INDF, 0
0x02B1	0x3A20      	XORLW      32
0x02B2	0x1D03      	BTFSS      STATUS, 2
0x02B3	0x2AB9      	GOTO       L__Ltrim147
0x02B4	0x084A      	MOVF       Ltrim_trimmed_L0, 0
0x02B5	0x044B      	IORWF      Ltrim_trimmed_L0+1, 0
0x02B6	0x1D03      	BTFSS      STATUS, 2
0x02B7	0x2AB9      	GOTO       L__Ltrim147
0x02B8	0x2AC6      	GOTO       L_Ltrim89
L__Ltrim147:
;__Lib_Conversions.c,430 :: 		
0x02B9	0x3001      	MOVLW      1
0x02BA	0x00CA      	MOVWF      Ltrim_trimmed_L0
0x02BB	0x3000      	MOVLW      0
0x02BC	0x00CB      	MOVWF      Ltrim_trimmed_L0+1
;__Lib_Conversions.c,431 :: 		
0x02BD	0x0872      	MOVF       R2, 0
0x02BE	0x0084      	MOVWF      FSR
0x02BF	0x0800      	MOVF       INDF, 0
0x02C0	0x00F0      	MOVWF      R0
0x02C1	0x0873      	MOVF       R3, 0
0x02C2	0x0084      	MOVWF      FSR
0x02C3	0x0870      	MOVF       R0, 0
0x02C4	0x0080      	MOVWF      INDF
0x02C5	0x0AF3      	INCF       R3, 1
;__Lib_Conversions.c,432 :: 		
L_Ltrim89:
;__Lib_Conversions.c,434 :: 		
0x02C6	0x0872      	MOVF       R2, 0
0x02C7	0x00F1      	MOVWF      R1
0x02C8	0x0AF2      	INCF       R2, 1
0x02C9	0x0871      	MOVF       R1, 0
0x02CA	0x0084      	MOVWF      FSR
0x02CB	0x0800      	MOVF       INDF, 0
0x02CC	0x3A00      	XORLW      0
0x02CD	0x1D03      	BTFSS      STATUS, 2
0x02CE	0x2AAE      	GOTO       L_Ltrim84
;__Lib_Conversions.c,435 :: 		
0x02CF	0x0849      	MOVF       FARG_Ltrim_string, 0
0x02D0	0x00F0      	MOVWF      R0
;__Lib_Conversions.c,436 :: 		
L_end_Ltrim:
0x02D1	0x0008      	RETURN
; end of _Ltrim
___CC2DW:
;__Lib_System.c,134 :: 		
;__Lib_System.c,137 :: 		
_CC2D_Loop1:
;__Lib_System.c,139 :: 		
0x02D2	0x208E      	CALL       _____DoICP
0x02D3	0x118A      	BCF        PCLATH, 3
0x02D4	0x120A      	BCF        PCLATH, 4
;__Lib_System.c,141 :: 		
0x02D5	0x0080      	MOVWF      INDF
;__Lib_System.c,142 :: 		
0x02D6	0x0A84      	INCF       FSR, 1
;__Lib_System.c,143 :: 		
0x02D7	0x0ABE      	INCF       ___DoICPAddr, 1
;__Lib_System.c,145 :: 		
0x02D8	0x1903      	BTFSC      STATUS, 2
;__Lib_System.c,146 :: 		
0x02D9	0x0ABF      	INCF       ___DoICPAddr+1, 1
;__Lib_System.c,147 :: 		
0x02DA	0x03F0      	DECF       R0, 1
;__Lib_System.c,149 :: 		
0x02DB	0x1D03      	BTFSS      STATUS, 2
;__Lib_System.c,150 :: 		
0x02DC	0x2AD2      	GOTO       _CC2D_Loop1
;__Lib_System.c,152 :: 		
L_end___CC2DW:
0x02DD	0x0008      	RETURN
; end of ___CC2DW
_int2double:
;__Lib_MathDouble.c,1812 :: 		
;__Lib_MathDouble.c,1818 :: 		
0x02DE	0x1283      	BCF        STATUS, 5
;__Lib_MathDouble.c,1819 :: 		
0x02DF	0x1303      	BCF        STATUS, 6
;__Lib_MathDouble.c,1820 :: 		
0x02E0	0x0870      	MOVF       R0, 0
;__Lib_MathDouble.c,1821 :: 		
0x02E1	0x00F8      	MOVWF      R8
;__Lib_MathDouble.c,1822 :: 		
0x02E2	0x0871      	MOVF       R1, 0
;__Lib_MathDouble.c,1823 :: 		
0x02E3	0x00F0      	MOVWF      R0
;__Lib_MathDouble.c,1824 :: 		
0x02E4	0x01F1      	CLRF       R1
;__Lib_MathDouble.c,1825 :: 		
0x02E5	0x01F2      	CLRF       R2
;__Lib_MathDouble.c,1826 :: 		
0x02E6	0x01F3      	CLRF       R3
;__Lib_MathDouble.c,1829 :: 		
0x02E7	0x01FB      	CLRF       R11
;__Lib_MathDouble.c,1830 :: 		
0x02E8	0x01FC      	CLRF       R12
;__Lib_MathDouble.c,1832 :: 		
0x02E9	0x3096      	MOVLW      150
;__Lib_MathDouble.c,1833 :: 		
0x02EA	0x00F3      	MOVWF      R3
;__Lib_MathDouble.c,1834 :: 		
0x02EB	0x01FA      	CLRF       R10
;__Lib_MathDouble.c,1835 :: 		
0x02EC	0x1FF0      	BTFSS      R0, 7
;__Lib_MathDouble.c,1836 :: 		
0x02ED	0x2AF4      	GOTO       FLO1632EEE
;__Lib_MathDouble.c,1838 :: 		
0x02EE	0x09F8      	COMF       R8, 1
;__Lib_MathDouble.c,1839 :: 		
0x02EF	0x09F0      	COMF       R0, 1
;__Lib_MathDouble.c,1841 :: 		
0x02F0	0x0AF8      	INCF       R8, 1
;__Lib_MathDouble.c,1842 :: 		
0x02F1	0x1903      	BTFSC      STATUS, 2
;__Lib_MathDouble.c,1843 :: 		
0x02F2	0x0AF0      	INCF       R0, 1
;__Lib_MathDouble.c,1845 :: 		
0x02F3	0x17FA      	BSF        R10, 7
;__Lib_MathDouble.c,1846 :: 		
FLO1632EEE:
;__Lib_MathDouble.c,1847 :: 		
0x02F4	0x0870      	MOVF       R0, 0
;__Lib_MathDouble.c,1848 :: 		
0x02F5	0x00F1      	MOVWF      R1
;__Lib_MathDouble.c,1849 :: 		
0x02F6	0x0878      	MOVF       R8, 0
;__Lib_MathDouble.c,1850 :: 		
0x02F7	0x00F0      	MOVWF      R0
;__Lib_MathDouble.c,1851 :: 		
0x02F8	0x01F8      	CLRF       R8
;__Lib_MathDouble.c,1852 :: 		
0x02F9	0x01F2      	CLRF       R2
;__Lib_MathDouble.c,1854 :: 		
0x02FA	0x20F1      	CALL       _NRM3232
;__Lib_MathDouble.c,1855 :: 		
L_end_int2double:
0x02FB	0x0008      	RETURN
; end of _int2double
_Lcd_Out:
;__Lib_Lcd.c,184 :: 		
;__Lib_Lcd.c,187 :: 		
0x02FC	0x2B0E      	GOTO       L_Lcd_Out11
;__Lib_Lcd.c,188 :: 		
L_Lcd_Out13:
0x02FD	0x3080      	MOVLW      128
0x02FE	0x1283      	BCF        STATUS, 5
0x02FF	0x1303      	BCF        STATUS, 6
0x0300	0x00C9      	MOVWF      FARG_Lcd_Out_row
0x0301	0x2B21      	GOTO       L_Lcd_Out12
;__Lib_Lcd.c,189 :: 		
L_Lcd_Out14:
0x0302	0x30C0      	MOVLW      192
0x0303	0x00C9      	MOVWF      FARG_Lcd_Out_row
0x0304	0x2B21      	GOTO       L_Lcd_Out12
;__Lib_Lcd.c,190 :: 		
L_Lcd_Out15:
0x0305	0x3094      	MOVLW      148
0x0306	0x00C9      	MOVWF      FARG_Lcd_Out_row
0x0307	0x2B21      	GOTO       L_Lcd_Out12
;__Lib_Lcd.c,191 :: 		
L_Lcd_Out16:
0x0308	0x30D4      	MOVLW      212
0x0309	0x00C9      	MOVWF      FARG_Lcd_Out_row
0x030A	0x2B21      	GOTO       L_Lcd_Out12
;__Lib_Lcd.c,192 :: 		
L_Lcd_Out17:
0x030B	0x3080      	MOVLW      128
0x030C	0x00C9      	MOVWF      FARG_Lcd_Out_row
;__Lib_Lcd.c,193 :: 		
0x030D	0x2B21      	GOTO       L_Lcd_Out12
L_Lcd_Out11:
0x030E	0x1283      	BCF        STATUS, 5
0x030F	0x1303      	BCF        STATUS, 6
0x0310	0x0849      	MOVF       FARG_Lcd_Out_row, 0
0x0311	0x3A01      	XORLW      1
0x0312	0x1903      	BTFSC      STATUS, 2
0x0313	0x2AFD      	GOTO       L_Lcd_Out13
0x0314	0x0849      	MOVF       FARG_Lcd_Out_row, 0
0x0315	0x3A02      	XORLW      2
0x0316	0x1903      	BTFSC      STATUS, 2
0x0317	0x2B02      	GOTO       L_Lcd_Out14
0x0318	0x0849      	MOVF       FARG_Lcd_Out_row, 0
0x0319	0x3A03      	XORLW      3
0x031A	0x1903      	BTFSC      STATUS, 2
0x031B	0x2B05      	GOTO       L_Lcd_Out15
0x031C	0x0849      	MOVF       FARG_Lcd_Out_row, 0
0x031D	0x3A04      	XORLW      4
0x031E	0x1903      	BTFSC      STATUS, 2
0x031F	0x2B08      	GOTO       L_Lcd_Out16
0x0320	0x2B0B      	GOTO       L_Lcd_Out17
L_Lcd_Out12:
;__Lib_Lcd.c,194 :: 		
0x0321	0x034A      	DECF       FARG_Lcd_Out_column, 0
0x0322	0x00F0      	MOVWF      R0
0x0323	0x0849      	MOVF       FARG_Lcd_Out_row, 0
0x0324	0x07F0      	ADDWF      R0, 1
0x0325	0x0870      	MOVF       R0, 0
0x0326	0x00C9      	MOVWF      FARG_Lcd_Out_row
;__Lib_Lcd.c,196 :: 		
0x0327	0x0870      	MOVF       R0, 0
0x0328	0x00D7      	MOVWF      FARG_Lcd_Cmd_out_char
0x0329	0x2021      	CALL       _Lcd_Cmd
;__Lib_Lcd.c,197 :: 		
0x032A	0x103D      	BCF        __Lib_Lcd_cmd_status, BitPos(__Lib_Lcd_cmd_status+0)
;__Lib_Lcd.c,198 :: 		
0x032B	0x01CC      	CLRF       Lcd_Out_i_L0
;__Lib_Lcd.c,199 :: 		
L_Lcd_Out18:
0x032C	0x084C      	MOVF       Lcd_Out_i_L0, 0
0x032D	0x074B      	ADDWF      FARG_Lcd_Out_text, 0
0x032E	0x0084      	MOVWF      FSR
0x032F	0x0800      	MOVF       INDF, 0
0x0330	0x1903      	BTFSC      STATUS, 2
0x0331	0x2B3A      	GOTO       L_Lcd_Out19
;__Lib_Lcd.c,200 :: 		
0x0332	0x084C      	MOVF       Lcd_Out_i_L0, 0
0x0333	0x074B      	ADDWF      FARG_Lcd_Out_text, 0
0x0334	0x0084      	MOVWF      FSR
0x0335	0x0800      	MOVF       INDF, 0
0x0336	0x00D2      	MOVWF      FARG_Lcd_Chr_CP_out_char
0x0337	0x2120      	CALL       _Lcd_Chr_CP
0x0338	0x0ACC      	INCF       Lcd_Out_i_L0, 1
0x0339	0x2B2C      	GOTO       L_Lcd_Out18
L_Lcd_Out19:
;__Lib_Lcd.c,201 :: 		
0x033A	0x143D      	BSF        __Lib_Lcd_cmd_status, BitPos(__Lib_Lcd_cmd_status+0)
;__Lib_Lcd.c,202 :: 		
L_end_Lcd_Out:
0x033B	0x0008      	RETURN
; end of _Lcd_Out
_Lcd_Init:
;__Lib_Lcd.c,84 :: 		
;__Lib_Lcd.c,86 :: 		
0x033C	0x1683      	BSF        STATUS, 5
0x033D	0x1303      	BCF        STATUS, 6
0x033E	0x1188      	BCF        LCD_EN_Direction, BitPos(LCD_EN_Direction+0)
;__Lib_Lcd.c,87 :: 		
0x033F	0x1108      	BCF        LCD_RS_Direction, BitPos(LCD_RS_Direction+0)
;__Lib_Lcd.c,88 :: 		
0x0340	0x1208      	BCF        LCD_D4_Direction, BitPos(LCD_D4_Direction+0)
;__Lib_Lcd.c,89 :: 		
0x0341	0x1288      	BCF        LCD_D5_Direction, BitPos(LCD_D5_Direction+0)
;__Lib_Lcd.c,90 :: 		
0x0342	0x1308      	BCF        LCD_D6_Direction, BitPos(LCD_D6_Direction+0)
;__Lib_Lcd.c,91 :: 		
0x0343	0x1388      	BCF        LCD_D7_Direction, BitPos(LCD_D7_Direction+0)
;__Lib_Lcd.c,93 :: 		
0x0344	0x1283      	BCF        STATUS, 5
0x0345	0x1188      	BCF        LCD_EN, BitPos(LCD_EN+0)
;__Lib_Lcd.c,94 :: 		
0x0346	0x1108      	BCF        LCD_RS, BitPos(LCD_RS+0)
;__Lib_Lcd.c,95 :: 		
0x0347	0x1388      	BCF        LCD_D7, BitPos(LCD_D7+0)
;__Lib_Lcd.c,96 :: 		
0x0348	0x1308      	BCF        LCD_D6, BitPos(LCD_D6+0)
;__Lib_Lcd.c,97 :: 		
0x0349	0x1288      	BCF        LCD_D5, BitPos(LCD_D5+0)
;__Lib_Lcd.c,98 :: 		
0x034A	0x1208      	BCF        LCD_D4, BitPos(LCD_D4+0)
;__Lib_Lcd.c,100 :: 		
0x034B	0x200A      	CALL       _Delay_5500us
;__Lib_Lcd.c,101 :: 		
0x034C	0x200A      	CALL       _Delay_5500us
;__Lib_Lcd.c,102 :: 		
0x034D	0x200A      	CALL       _Delay_5500us
;__Lib_Lcd.c,105 :: 		
0x034E	0x1688      	BSF        LCD_D5, BitPos(LCD_D5+0)
;__Lib_Lcd.c,106 :: 		
0x034F	0x1608      	BSF        LCD_D4, BitPos(LCD_D4+0)
;__Lib_Lcd.c,107 :: 		
0x0350	0x1588      	BSF        LCD_EN, BitPos(LCD_EN+0)
;__Lib_Lcd.c,108 :: 		
0x0351	0x2017      	CALL       _Delay_1us
;__Lib_Lcd.c,109 :: 		
0x0352	0x1188      	BCF        LCD_EN, BitPos(LCD_EN+0)
;__Lib_Lcd.c,110 :: 		
0x0353	0x200A      	CALL       _Delay_5500us
;__Lib_Lcd.c,112 :: 		
0x0354	0x1588      	BSF        LCD_EN, BitPos(LCD_EN+0)
;__Lib_Lcd.c,113 :: 		
0x0355	0x2017      	CALL       _Delay_1us
;__Lib_Lcd.c,114 :: 		
0x0356	0x1188      	BCF        LCD_EN, BitPos(LCD_EN+0)
;__Lib_Lcd.c,115 :: 		
0x0357	0x200A      	CALL       _Delay_5500us
;__Lib_Lcd.c,117 :: 		
0x0358	0x1588      	BSF        LCD_EN, BitPos(LCD_EN+0)
;__Lib_Lcd.c,118 :: 		
0x0359	0x2017      	CALL       _Delay_1us
;__Lib_Lcd.c,119 :: 		
0x035A	0x1188      	BCF        LCD_EN, BitPos(LCD_EN+0)
;__Lib_Lcd.c,120 :: 		
0x035B	0x200A      	CALL       _Delay_5500us
;__Lib_Lcd.c,123 :: 		
0x035C	0x1208      	BCF        LCD_D4, BitPos(LCD_D4+0)
;__Lib_Lcd.c,124 :: 		
0x035D	0x1588      	BSF        LCD_EN, BitPos(LCD_EN+0)
;__Lib_Lcd.c,125 :: 		
0x035E	0x2017      	CALL       _Delay_1us
;__Lib_Lcd.c,126 :: 		
0x035F	0x1188      	BCF        LCD_EN, BitPos(LCD_EN+0)
;__Lib_Lcd.c,127 :: 		
0x0360	0x200A      	CALL       _Delay_5500us
;__Lib_Lcd.c,130 :: 		
0x0361	0x1588      	BSF        LCD_EN, BitPos(LCD_EN+0)
;__Lib_Lcd.c,131 :: 		
0x0362	0x2017      	CALL       _Delay_1us
;__Lib_Lcd.c,132 :: 		
0x0363	0x1188      	BCF        LCD_EN, BitPos(LCD_EN+0)
;__Lib_Lcd.c,134 :: 		
0x0364	0x1288      	BCF        LCD_D5, BitPos(LCD_D5+0)
;__Lib_Lcd.c,135 :: 		
0x0365	0x1788      	BSF        LCD_D7, BitPos(LCD_D7+0)
;__Lib_Lcd.c,136 :: 		
0x0366	0x1588      	BSF        LCD_EN, BitPos(LCD_EN+0)
;__Lib_Lcd.c,137 :: 		
0x0367	0x2017      	CALL       _Delay_1us
;__Lib_Lcd.c,138 :: 		
0x0368	0x1188      	BCF        LCD_EN, BitPos(LCD_EN+0)
;__Lib_Lcd.c,139 :: 		
0x0369	0x200A      	CALL       _Delay_5500us
;__Lib_Lcd.c,142 :: 		
0x036A	0x1388      	BCF        LCD_D7, BitPos(LCD_D7+0)
;__Lib_Lcd.c,143 :: 		
0x036B	0x1608      	BSF        LCD_D4, BitPos(LCD_D4+0)
;__Lib_Lcd.c,144 :: 		
0x036C	0x1588      	BSF        LCD_EN, BitPos(LCD_EN+0)
;__Lib_Lcd.c,145 :: 		
0x036D	0x2017      	CALL       _Delay_1us
;__Lib_Lcd.c,146 :: 		
0x036E	0x1188      	BCF        LCD_EN, BitPos(LCD_EN+0)
;__Lib_Lcd.c,148 :: 		
0x036F	0x1208      	BCF        LCD_D4, BitPos(LCD_D4+0)
;__Lib_Lcd.c,149 :: 		
0x0370	0x1588      	BSF        LCD_EN, BitPos(LCD_EN+0)
;__Lib_Lcd.c,150 :: 		
0x0371	0x2017      	CALL       _Delay_1us
;__Lib_Lcd.c,151 :: 		
0x0372	0x1188      	BCF        LCD_EN, BitPos(LCD_EN+0)
;__Lib_Lcd.c,152 :: 		
0x0373	0x200A      	CALL       _Delay_5500us
;__Lib_Lcd.c,155 :: 		
0x0374	0x1588      	BSF        LCD_EN, BitPos(LCD_EN+0)
;__Lib_Lcd.c,156 :: 		
0x0375	0x2017      	CALL       _Delay_1us
;__Lib_Lcd.c,157 :: 		
0x0376	0x1188      	BCF        LCD_EN, BitPos(LCD_EN+0)
;__Lib_Lcd.c,159 :: 		
0x0377	0x1608      	BSF        LCD_D4, BitPos(LCD_D4+0)
;__Lib_Lcd.c,160 :: 		
0x0378	0x1588      	BSF        LCD_EN, BitPos(LCD_EN+0)
;__Lib_Lcd.c,161 :: 		
0x0379	0x2017      	CALL       _Delay_1us
;__Lib_Lcd.c,162 :: 		
0x037A	0x1188      	BCF        LCD_EN, BitPos(LCD_EN+0)
;__Lib_Lcd.c,163 :: 		
0x037B	0x200A      	CALL       _Delay_5500us
;__Lib_Lcd.c,166 :: 		
0x037C	0x1208      	BCF        LCD_D4, BitPos(LCD_D4+0)
;__Lib_Lcd.c,167 :: 		
0x037D	0x1588      	BSF        LCD_EN, BitPos(LCD_EN+0)
;__Lib_Lcd.c,168 :: 		
0x037E	0x2017      	CALL       _Delay_1us
;__Lib_Lcd.c,169 :: 		
0x037F	0x1188      	BCF        LCD_EN, BitPos(LCD_EN+0)
;__Lib_Lcd.c,171 :: 		
0x0380	0x1788      	BSF        LCD_D7, BitPos(LCD_D7+0)
;__Lib_Lcd.c,172 :: 		
0x0381	0x1708      	BSF        LCD_D6, BitPos(LCD_D6+0)
;__Lib_Lcd.c,173 :: 		
0x0382	0x1688      	BSF        LCD_D5, BitPos(LCD_D5+0)
;__Lib_Lcd.c,174 :: 		
0x0383	0x1608      	BSF        LCD_D4, BitPos(LCD_D4+0)
;__Lib_Lcd.c,175 :: 		
0x0384	0x1588      	BSF        LCD_EN, BitPos(LCD_EN+0)
;__Lib_Lcd.c,176 :: 		
0x0385	0x2017      	CALL       _Delay_1us
;__Lib_Lcd.c,177 :: 		
0x0386	0x1188      	BCF        LCD_EN, BitPos(LCD_EN+0)
;__Lib_Lcd.c,179 :: 		
0x0387	0x200A      	CALL       _Delay_5500us
;__Lib_Lcd.c,181 :: 		
0x0388	0x143D      	BSF        __Lib_Lcd_cmd_status, BitPos(__Lib_Lcd_cmd_status+0)
;__Lib_Lcd.c,182 :: 		
L_end_Lcd_Init:
0x0389	0x0008      	RETURN
; end of _Lcd_Init
_main:
0x038A	0x304F      	MOVLW      79
0x038B	0x1283      	BCF        STATUS, 5
0x038C	0x1303      	BCF        STATUS, 6
0x038D	0x00A1      	MOVWF      ?lstr3_US_final_Code
0x038E	0x3075      	MOVLW      117
0x038F	0x00A2      	MOVWF      34
0x0390	0x3074      	MOVLW      116
0x0391	0x00A3      	MOVWF      35
0x0392	0x3020      	MOVLW      32
0x0393	0x00A4      	MOVWF      36
0x0394	0x306F      	MOVLW      111
0x0395	0x00A5      	MOVWF      37
0x0396	0x3066      	MOVLW      102
0x0397	0x00A6      	MOVWF      38
0x0398	0x3020      	MOVLW      32
0x0399	0x00A7      	MOVWF      39
0x039A	0x3052      	MOVLW      82
0x039B	0x00A8      	MOVWF      40
0x039C	0x3061      	MOVLW      97
0x039D	0x00A9      	MOVWF      41
0x039E	0x306E      	MOVLW      110
0x039F	0x00AA      	MOVWF      42
0x03A0	0x3067      	MOVLW      103
0x03A1	0x00AB      	MOVWF      43
0x03A2	0x3065      	MOVLW      101
0x03A3	0x00AC      	MOVWF      44
0x03A4	0x01AD      	CLRF       45
0x03A5	0x3063      	MOVLW      99
0x03A6	0x00AE      	MOVWF      ?lstr2_US_final_Code
0x03A7	0x306D      	MOVLW      109
0x03A8	0x00AF      	MOVWF      47
0x03A9	0x01B0      	CLRF       48
0x03AA	0x3044      	MOVLW      68
0x03AB	0x00B1      	MOVWF      ?lstr1_US_final_Code
0x03AC	0x3069      	MOVLW      105
0x03AD	0x00B2      	MOVWF      50
0x03AE	0x3073      	MOVLW      115
0x03AF	0x00B3      	MOVWF      51
0x03B0	0x3074      	MOVLW      116
0x03B1	0x00B4      	MOVWF      52
0x03B2	0x3061      	MOVLW      97
0x03B3	0x00B5      	MOVWF      53
0x03B4	0x306E      	MOVLW      110
0x03B5	0x00B6      	MOVWF      54
0x03B6	0x3063      	MOVLW      99
0x03B7	0x00B7      	MOVWF      55
0x03B8	0x3065      	MOVLW      101
0x03B9	0x00B8      	MOVWF      56
0x03BA	0x3020      	MOVLW      32
0x03BB	0x00B9      	MOVWF      57
0x03BC	0x303D      	MOVLW      61
0x03BD	0x00BA      	MOVWF      58
0x03BE	0x3020      	MOVLW      32
0x03BF	0x00BB      	MOVWF      59
0x03C0	0x01BC      	CLRF       60
;US_final_Code.c,17 :: 		void main()
;US_final_Code.c,21 :: 		Lcd_Init();
0x03C1	0x233C      	CALL       _Lcd_Init
;US_final_Code.c,22 :: 		Lcd_Cmd(_LCD_CLEAR);          // Clear display
0x03C2	0x3001      	MOVLW      1
0x03C3	0x00D7      	MOVWF      FARG_Lcd_Cmd_out_char
0x03C4	0x2021      	CALL       _Lcd_Cmd
;US_final_Code.c,23 :: 		Lcd_Cmd(_LCD_CURSOR_OFF);     // Cursor off
0x03C5	0x300C      	MOVLW      12
0x03C6	0x00D7      	MOVWF      FARG_Lcd_Cmd_out_char
0x03C7	0x2021      	CALL       _Lcd_Cmd
;US_final_Code.c,25 :: 		TRISB = 0b00010000;           //RB4 as Input PIN (ECHO)
0x03C8	0x3010      	MOVLW      16
0x03C9	0x1683      	BSF        STATUS, 5
0x03CA	0x0086      	MOVWF      TRISB
;US_final_Code.c,27 :: 		Lcd_Cmd(_LCD_CLEAR);
0x03CB	0x3001      	MOVLW      1
0x03CC	0x1283      	BCF        STATUS, 5
0x03CD	0x00D7      	MOVWF      FARG_Lcd_Cmd_out_char
0x03CE	0x2021      	CALL       _Lcd_Cmd
;US_final_Code.c,29 :: 		T1CON = 0x10;                 //Initialize Timer Module
0x03CF	0x3010      	MOVLW      16
0x03D0	0x0090      	MOVWF      T1CON
;US_final_Code.c,31 :: 		while(1)
L_main0:
;US_final_Code.c,33 :: 		TMR1H = 0;                  //Sets the Initial Value of Timer
0x03D1	0x018F      	CLRF       TMR1H
;US_final_Code.c,34 :: 		TMR1L = 0;                  //Sets the Initial Value of Timer
0x03D2	0x018E      	CLRF       TMR1L
;US_final_Code.c,36 :: 		PORTB.F0 = 1;               //TRIGGER HIGH
0x03D3	0x1406      	BSF        PORTB, 0
;US_final_Code.c,37 :: 		Delay_us(10);               //10uS Delay
0x03D4	0x3006      	MOVLW      6
0x03D5	0x00FD      	MOVWF      R13
L_main2:
0x03D6	0x0BFD      	DECFSZ     R13, 1
0x03D7	0x2BD6      	GOTO       L_main2
0x03D8	0x0000      	NOP
;US_final_Code.c,38 :: 		PORTB.F0 = 0;               //TRIGGER LOW
0x03D9	0x1006      	BCF        PORTB, 0
;US_final_Code.c,40 :: 		while(!PORTB.F4);           //Waiting for Echo
L_main3:
0x03DA	0x1A06      	BTFSC      PORTB, 4
0x03DB	0x2BDD      	GOTO       L_main4
0x03DC	0x2BDA      	GOTO       L_main3
L_main4:
;US_final_Code.c,41 :: 		T1CON.F0 = 1;               //Timer Starts
0x03DD	0x1410      	BSF        T1CON, 0
;US_final_Code.c,42 :: 		while(PORTB.F4);            //Waiting for Echo goes LOW
L_main5:
0x03DE	0x1E06      	BTFSS      PORTB, 4
0x03DF	0x2BE1      	GOTO       L_main6
0x03E0	0x2BDE      	GOTO       L_main5
L_main6:
;US_final_Code.c,43 :: 		T1CON.F0 = 0;               //Timer Stops
0x03E1	0x1010      	BCF        T1CON, 0
;US_final_Code.c,45 :: 		a = (TMR1L | (TMR1H<<8));   //Reads Timer Value
0x03E2	0x080F      	MOVF       TMR1H, 0
0x03E3	0x00F1      	MOVWF      R0+1
0x03E4	0x01F0      	CLRF       R0
0x03E5	0x080E      	MOVF       TMR1L, 0
0x03E6	0x04F0      	IORWF      R0, 1
0x03E7	0x3000      	MOVLW      0
0x03E8	0x04F1      	IORWF      R0+1, 1
0x03E9	0x0870      	MOVF       R0, 0
0x03EA	0x00C0      	MOVWF      main_a_L0
0x03EB	0x0871      	MOVF       R0+1, 0
0x03EC	0x00C1      	MOVWF      main_a_L0+1
;US_final_Code.c,46 :: 		a = a/58.82;                //Converts Time to Distance
0x03ED	0x22DE      	CALL       _int2double
0x03EE	0x30AE      	MOVLW      174
0x03EF	0x00F4      	MOVWF      R4
0x03F0	0x3047      	MOVLW      71
0x03F1	0x00F5      	MOVWF      R4+1
0x03F2	0x306B      	MOVLW      107
0x03F3	0x00F6      	MOVWF      R4+2
0x03F4	0x3084      	MOVLW      132
0x03F5	0x00F7      	MOVWF      R4+3
0x03F6	0x2185      	CALL       _Div_32x32_FP
0x03F7	0x2128      	CALL       _double2int
0x03F8	0x0870      	MOVF       R0, 0
0x03F9	0x00C0      	MOVWF      main_a_L0
0x03FA	0x0871      	MOVF       R0+1, 0
0x03FB	0x00C1      	MOVWF      main_a_L0+1
;US_final_Code.c,47 :: 		a = a + 1;                  //Distance Calibration
0x03FC	0x0870      	MOVF       R0, 0
0x03FD	0x3E01      	ADDLW      1
0x03FE	0x00F2      	MOVWF      R2
0x03FF	0x3000      	MOVLW      0
0x0400	0x1803      	BTFSC      STATUS, 0
0x0401	0x3E01      	ADDLW      1
0x0402	0x0771      	ADDWF      R0+1, 0
0x0403	0x00F3      	MOVWF      R2+1
0x0404	0x0872      	MOVF       R2, 0
0x0405	0x00C0      	MOVWF      main_a_L0
0x0406	0x0873      	MOVF       R2+1, 0
0x0407	0x00C1      	MOVWF      main_a_L0+1
;US_final_Code.c,48 :: 		if(a>=2 && a<=400)          //Check whether the result is valid or not
0x0408	0x3080      	MOVLW      128
0x0409	0x0673      	XORWF      R2+1, 0
0x040A	0x00F0      	MOVWF      R0
0x040B	0x3080      	MOVLW      128
0x040C	0x0270      	SUBWF      R0, 0
0x040D	0x1D03      	BTFSS      STATUS, 2
0x040E	0x2C11      	GOTO       L__main14
0x040F	0x3002      	MOVLW      2
0x0410	0x0272      	SUBWF      R2, 0
L__main14:
0x0411	0x1C03      	BTFSS      STATUS, 0
0x0412	0x2C42      	GOTO       L_main9
0x0413	0x3080      	MOVLW      128
0x0414	0x3A01      	XORLW      1
0x0415	0x00F0      	MOVWF      R0
0x0416	0x3080      	MOVLW      128
0x0417	0x0641      	XORWF      main_a_L0+1, 0
0x0418	0x0270      	SUBWF      R0, 0
0x0419	0x1D03      	BTFSS      STATUS, 2
0x041A	0x2C1D      	GOTO       L__main15
0x041B	0x0840      	MOVF       main_a_L0, 0
0x041C	0x3C90      	SUBLW      144
L__main15:
0x041D	0x1C03      	BTFSS      STATUS, 0
0x041E	0x2C42      	GOTO       L_main9
L__main12:
;US_final_Code.c,50 :: 		IntToStr(a,txt);
0x041F	0x0840      	MOVF       main_a_L0, 0
0x0420	0x00C9      	MOVWF      FARG_IntToStr_input
0x0421	0x0841      	MOVF       main_a_L0+1, 0
0x0422	0x00CA      	MOVWF      FARG_IntToStr_input+1
0x0423	0x3042      	MOVLW      main_txt_L0
0x0424	0x00CB      	MOVWF      FARG_IntToStr_output
0x0425	0x223C      	CALL       _IntToStr
;US_final_Code.c,51 :: 		Ltrim(txt);
0x0426	0x3042      	MOVLW      main_txt_L0
0x0427	0x00C9      	MOVWF      FARG_Ltrim_string
0x0428	0x22A6      	CALL       _Ltrim
;US_final_Code.c,52 :: 		Lcd_Cmd(_LCD_CLEAR);
0x0429	0x3001      	MOVLW      1
0x042A	0x00D7      	MOVWF      FARG_Lcd_Cmd_out_char
0x042B	0x2021      	CALL       _Lcd_Cmd
;US_final_Code.c,53 :: 		Lcd_Out(1,1,"Distance = ");
0x042C	0x3001      	MOVLW      1
0x042D	0x00C9      	MOVWF      FARG_Lcd_Out_row
0x042E	0x3001      	MOVLW      1
0x042F	0x00CA      	MOVWF      FARG_Lcd_Out_column
0x0430	0x3031      	MOVLW      ?lstr1_US_final_Code
0x0431	0x00CB      	MOVWF      FARG_Lcd_Out_text
0x0432	0x22FC      	CALL       _Lcd_Out
;US_final_Code.c,54 :: 		Lcd_Out(1,12,txt);
0x0433	0x3001      	MOVLW      1
0x0434	0x00C9      	MOVWF      FARG_Lcd_Out_row
0x0435	0x300C      	MOVLW      12
0x0436	0x00CA      	MOVWF      FARG_Lcd_Out_column
0x0437	0x3042      	MOVLW      main_txt_L0
0x0438	0x00CB      	MOVWF      FARG_Lcd_Out_text
0x0439	0x22FC      	CALL       _Lcd_Out
;US_final_Code.c,55 :: 		Lcd_Out(1,15,"cm");
0x043A	0x3001      	MOVLW      1
0x043B	0x00C9      	MOVWF      FARG_Lcd_Out_row
0x043C	0x300F      	MOVLW      15
0x043D	0x00CA      	MOVWF      FARG_Lcd_Out_column
0x043E	0x302E      	MOVLW      ?lstr2_US_final_Code
0x043F	0x00CB      	MOVWF      FARG_Lcd_Out_text
0x0440	0x22FC      	CALL       _Lcd_Out
;US_final_Code.c,56 :: 		}
0x0441	0x2C4C      	GOTO       L_main10
L_main9:
;US_final_Code.c,59 :: 		Lcd_Cmd(_LCD_CLEAR);
0x0442	0x3001      	MOVLW      1
0x0443	0x00D7      	MOVWF      FARG_Lcd_Cmd_out_char
0x0444	0x2021      	CALL       _Lcd_Cmd
;US_final_Code.c,60 :: 		Lcd_Out(1,1,"Out of Range");
0x0445	0x3001      	MOVLW      1
0x0446	0x00C9      	MOVWF      FARG_Lcd_Out_row
0x0447	0x3001      	MOVLW      1
0x0448	0x00CA      	MOVWF      FARG_Lcd_Out_column
0x0449	0x3021      	MOVLW      ?lstr3_US_final_Code
0x044A	0x00CB      	MOVWF      FARG_Lcd_Out_text
0x044B	0x22FC      	CALL       _Lcd_Out
;US_final_Code.c,61 :: 		}
L_main10:
;US_final_Code.c,62 :: 		Delay_ms(400);
0x044C	0x3005      	MOVLW      5
0x044D	0x00FB      	MOVWF      R11
0x044E	0x300F      	MOVLW      15
0x044F	0x00FC      	MOVWF      R12
0x0450	0x30F1      	MOVLW      241
0x0451	0x00FD      	MOVWF      R13
L_main11:
0x0452	0x0BFD      	DECFSZ     R13, 1
0x0453	0x2C52      	GOTO       L_main11
0x0454	0x0BFC      	DECFSZ     R12, 1
0x0455	0x2C52      	GOTO       L_main11
0x0456	0x0BFB      	DECFSZ     R11, 1
0x0457	0x2C52      	GOTO       L_main11
;US_final_Code.c,63 :: 		}
0x0458	0x2BD1      	GOTO       L_main0
;US_final_Code.c,64 :: 		}
L_end_main:
0x0459	0x2C59      	GOTO       $+0
; end of _main
Symbol List:
//** Routines locations **
//ADDRESS    SIZE    PROCEDURE
//----------------------------------------------
0x0003       [7]    _Delay_50us
0x000A      [13]    _Delay_5500us
0x0017       [3]    _Delay_1us
0x001A       [7]    _RES032
0x0021      [64]    _Lcd_Cmd
0x0061       [4]    _FIXSIGN32
0x0065      [29]    _Div_16X16_U
0x0082      [12]    _SETFUN32
0x008E       [7]    _____DoICP
0x0095      [12]    _SETFOV32
0x00A1       [3]    _SETFDZ32
0x00A4      [64]    _WordToStr
0x00E4      [13]    _SETIOV3224
0x00F1      [47]    _NRM3232
0x0120       [8]    _Lcd_Chr_CP
0x0128      [93]    _double2int
0x0185     [183]    _Div_32x32_FP
0x023C     [106]    _IntToStr
0x02A6      [44]    _Ltrim
0x02D2      [12]    ___CC2DW
0x02DE      [30]    _int2double
0x02FC      [64]    _Lcd_Out
0x033C      [78]    _Lcd_Init
0x038A     [208]    _main
//** Variables locations ** 
//ADDRESS    SIZE    VARIABLE
//----------------------------------------------
0x0000       [1]    INDF
0x0002       [1]    PCL
0x0003       [1]    STATUS
0x0004       [1]    FSR
0x0006       [1]    PORTB
0x0008       [0]    LCD_D4
0x0008       [0]    LCD_RS
0x0008       [0]    LCD_EN
0x0008       [0]    LCD_D7
0x0008       [0]    LCD_D6
0x0008       [0]    LCD_D5
0x0008       [0]    RD2_bit
0x0008       [0]    RD6_bit
0x0008       [0]    RD4_bit
0x0008       [0]    RD3_bit
0x0008       [0]    RD5_bit
0x0008       [0]    RD7_bit
0x000A       [1]    PCLATH
0x000E       [1]    TMR1L
0x000F       [1]    TMR1H
0x0010       [1]    T1CON
0x0020       [1]    __math_tempbD
0x0021      [13]    ?lstr3_US_final_Code
0x002E       [3]    ?lstr2_US_final_Code
0x0031      [12]    ?lstr1_US_final_Code
0x003D       [0]    __Lib_Lcd_cmd_status
0x003E       [2]    ___DoICPAddr
0x0040       [2]    main_a_L0
0x0042       [7]    main_txt_L0
0x0049       [1]    FARG_Lcd_Out_row
0x0049       [1]    FARG_Ltrim_string
0x0049       [2]    FARG_IntToStr_input
0x004A       [1]    FARG_Lcd_Out_column
0x004A       [2]    Ltrim_trimmed_L0
0x004B       [1]    FARG_Lcd_Out_text
0x004B       [1]    FARG_IntToStr_output
0x004C       [2]    IntToStr_i_L0
0x004C       [1]    Lcd_Out_i_L0
0x004E       [2]    IntToStr_negative_L0
0x0050       [2]    IntToStr_inword_L0
0x0052       [1]    FARG_Lcd_Chr_CP_out_char
0x0052       [2]    FARG_WordToStr_input
0x0054       [1]    FARG_WordToStr_output
0x0055       [1]    WordToStr_len_L0
0x0056       [1]    FLOC__WordToStr
0x0057       [1]    FARG_Lcd_Cmd_out_char
0x0070       [1]    R0
0x0071       [1]    R1
0x0072       [1]    R2
0x0073       [1]    R3
0x0074       [1]    R4
0x0075       [1]    R5
0x0076       [1]    R6
0x0077       [1]    R7
0x0078       [1]    R8
0x0079       [1]    R9
0x007A       [1]    R10
0x007B       [1]    R11
0x007C       [1]    R12
0x007D       [1]    R13
0x007E       [1]    R14
0x007F       [1]    R15
0x0086       [1]    TRISB
0x0088       [0]    LCD_D5_Direction
0x0088       [0]    TRISD6_bit
0x0088       [0]    LCD_D4_Direction
0x0088       [0]    TRISD7_bit
0x0088       [0]    LCD_EN_Direction
0x0088       [0]    TRISD4_bit
0x0088       [0]    TRISD5_bit
0x0088       [0]    LCD_D6_Direction
0x0088       [0]    LCD_D7_Direction
0x0088       [0]    TRISD3_bit
0x0088       [0]    TRISD2_bit
0x0088       [0]    LCD_RS_Direction
